[0m[[0m[0mdebug[0m] [0m[0m> Exec(early(addDefaultCommands), None, None)[0m
[0m[[0m[0mdebug[0m] [0m[0m> Exec(addDefaultCommands, None, None)[0m
[0m[[0m[0mdebug[0m] [0m[0m> Exec(early(initialize), None, None)[0m
[0m[[0m[0mdebug[0m] [0m[0m> Exec(initialize, None, None)[0m
[0m[[0m[0mdebug[0m] [0m[0m> Exec(boot, None, None)[0m
[0m[[0m[0mdebug[0m] [0m[0m> Exec(writeSbtVersion, None, None)[0m
[0m[[0m[0mdebug[0m] [0m[0m> Exec(reload, None, None)[0m
[0m[[0m[0mdebug[0m] [0m[0m> Exec(sbtStashOnFailure, None, None)[0m
[0m[[0m[0mdebug[0m] [0m[0m> Exec(onFailure loadFailed, None, None)[0m
[0m[[0m[0mdebug[0m] [0m[0m> Exec(loadp, None, None)[0m
[0m[[0m[0minfo[0m] [0m[0mwelcome to sbt 1.10.0 (Homebrew Java 11.0.23)[0m
[0m[[0m[0mdebug[0m] [0m[0mLoad.defaultLoad until apply took 69.994208ms[0m
[0m[[0m[0mdebug[0m] [0m[0m                      Load.loadUnit: plugins took 33.988959ms[0m
[0m[[0m[0mdebug[0m] [0m[0m                      Load.loadUnit: defsScala took 0.124833ms[0m
[0m[[0m[0mdebug[0m] [0m[0m[Loading] Scanning directory /private/var/folders/75/7280jgqx50vclm6n4_hc9lz40000gp/T/spark-streaming/project/project/project[0m
[0m[[0m[0mdebug[0m] [0m[0m                        Load.loadUnit: mkEval took 3.9565ms[0m
[0m[[0m[0mdebug[0m] [0m[0m[Loading] Found non-root projects [0m
[0m[[0m[0mdebug[0m] [0m[0m[Loading] Done in /private/var/folders/75/7280jgqx50vclm6n4_hc9lz40000gp/T/spark-streaming/project/project/project, returning: ()[0m
[0m[[0m[0mdebug[0m] [0m[0mdeducing auto plugins based on known facts Set(Atom(sbt.plugins.CorePlugin)) and clauses Clauses(Clause(Atom(sbt.plugins.JvmPlugin),Set(Atom(sbt.plugins.IvyPlugin)))[0m
[0m[[0m[0mdebug[0m] [0m[0mClause(Atom(sbt.ScriptedPlugin),Set(Atom(sbt.plugins.JvmPlugin)))[0m
[0m[[0m[0mdebug[0m] [0m[0mClause(Atom(sbt.plugins.SbtPlugin),Set(Atom(sbt.ScriptedPlugin)))[0m
[0m[[0m[0mdebug[0m] [0m[0mClause(Atom(sbt.plugins.SemanticdbPlugin),Set(Atom(sbt.plugins.JvmPlugin)))[0m
[0m[[0m[0mdebug[0m] [0m[0mClause(Atom(sbt.plugins.JUnitXmlReportPlugin),Set(Atom(sbt.plugins.JvmPlugin)))[0m
[0m[[0m[0mdebug[0m] [0m[0mClause(Atom(sbt.plugins.MiniDependencyTreePlugin),Set(Atom(sbt.plugins.JvmPlugin)))[0m
[0m[[0m[0mdebug[0m] [0m[0mClause(Atom(sbt.plugins.CorePlugin),Set(Atom(sbt.plugins.IvyPlugin)))[0m
[0m[[0m[0mdebug[0m] [0m[0mClause(Atom(sbt.plugins.IvyPlugin),Set(Atom(sbt.plugins.JvmPlugin)))[0m
[0m[[0m[0mdebug[0m] [0m[0mClause(Atom(sbt.plugins.JvmPlugin),Set(Atom(sbt.plugins.SemanticdbPlugin)))[0m
[0m[[0m[0mdebug[0m] [0m[0mClause(Atom(sbt.plugins.JvmPlugin),Set(Atom(sbt.plugins.JUnitXmlReportPlugin)))[0m
[0m[[0m[0mdebug[0m] [0m[0mClause(Atom(sbt.plugins.CorePlugin),Set(Atom(sbt.plugins.Giter8TemplatePlugin)))[0m
[0m[[0m[0mdebug[0m] [0m[0mClause(Atom(sbt.plugins.JvmPlugin),Set(Atom(sbt.plugins.MiniDependencyTreePlugin))))[0m
[0m[[0m[0mdebug[0m] [0m[0m  :: deduced result: Matched(sbt.plugins.CorePlugin,sbt.plugins.Giter8TemplatePlugin,sbt.plugins.IvyPlugin,sbt.plugins.JvmPlugin,sbt.plugins.MiniDependencyTreePlugin,sbt.plugins.JUnitXmlReportPlugin,sbt.plugins.SemanticdbPlugin)[0m
[0m[[0m[0mdebug[0m] [0m[0mPlugins.deducer#function took 6.89625 ms[0m
[0m[[0m[0minfo[0m] [0m[0mloading settings for project spark-streaming-build-build-build from metals.sbt ...[0m
[0m[[0m[0mdebug[0m] [0m[0m                          Load.resolveProject(spark-streaming-build-build-build) took 23.302958ms[0m
[0m[[0m[0mdebug[0m] [0m[0m                        Load.loadTransitive: finalizeProject(Project(id spark-streaming-build-build-build, base: /private/var/folders/75/7280jgqx50vclm6n4_hc9lz40000gp/T/spark-streaming/project/project/project, plugins: List(<none>))) took 44.812625ms[0m
[0m[[0m[0mdebug[0m] [0m[0m[Loading] Done in /private/var/folders/75/7280jgqx50vclm6n4_hc9lz40000gp/T/spark-streaming/project/project/project, returning: (spark-streaming-build-build-build)[0m
[0m[[0m[0mdebug[0m] [0m[0m                      Load.loadUnit: loadedProjectsRaw took 141.748125ms[0m
[0m[[0m[0mdebug[0m] [0m[0m                      Load.loadUnit: cleanEvalClasses took 1.995875ms[0m
[0m[[0m[0mdebug[0m] [0m[0m                    Load.loadUnit(file:/private/var/folders/75/7280jgqx50vclm6n4_hc9lz40000gp/T/spark-streaming/project/project/project/, ...) took 180.030875ms[0m
[0m[[0m[0mdebug[0m] [0m[0m                  Load.apply: load took 301.493042ms[0m
[0m[[0m[0mdebug[0m] [0m[0m                  Load.apply: resolveProjects took 2.301ms[0m
[0m[[0m[0mdebug[0m] [0m[0m                  Load.apply: finalTransforms took 30.460916ms[0m
[0m[[0m[0mdebug[0m] [0m[0m                  Load.apply: config.delegates took 3.361583ms[0m
[0m[[0m[0mdebug[0m] [0m[0m                  Load.apply: Def.make(settings)... took 277.973792ms[0m
[0m[[0m[0mdebug[0m] [0m[0m                  Load.apply: structureIndex took 46.144542ms[0m
[0m[[0m[0mdebug[0m] [0m[0m                  Load.apply: mkStreams took 0.797ms[0m
[0m[[0m[0minfo[0m] [0m[0mloading project definition from /private/var/folders/75/7280jgqx50vclm6n4_hc9lz40000gp/T/spark-streaming/project/project/project[0m
[0m[[0m[0mdebug[0m] [0m[0mRunning task... Cancel: Signal, check cycles: false, forcegc: true[0m
[0m[[0m[0mdebug[0m] [0m[0m                Load.loadUnit: plugins took 1172.3765ms[0m
[0m[[0m[0mdebug[0m] [0m[0m                Load.loadUnit: defsScala took 0.002041ms[0m
[0m[[0m[0mdebug[0m] [0m[0m[Loading] Scanning directory /private/var/folders/75/7280jgqx50vclm6n4_hc9lz40000gp/T/spark-streaming/project/project[0m
[0m[[0m[0mdebug[0m] [0m[0m                  Load.loadUnit: mkEval took 0.133ms[0m
[0m[[0m[0mdebug[0m] [0m[0m[Loading] Found non-root projects [0m
[0m[[0m[0mdebug[0m] [0m[0m[Loading] Done in /private/var/folders/75/7280jgqx50vclm6n4_hc9lz40000gp/T/spark-streaming/project/project, returning: ()[0m
[0m[[0m[0mdebug[0m] [0m[0mdeducing auto plugins based on known facts Set(Atom(sbt.plugins.CorePlugin)) and clauses Clauses(Clause(Atom(sbt.plugins.JvmPlugin),Set(Atom(sbt.plugins.IvyPlugin)))[0m
[0m[[0m[0mdebug[0m] [0m[0mClause(Atom(sbt.ScriptedPlugin),Set(Atom(sbt.plugins.JvmPlugin)))[0m
[0m[[0m[0mdebug[0m] [0m[0mClause(Atom(sbt.plugins.SbtPlugin),Set(Atom(sbt.ScriptedPlugin)))[0m
[0m[[0m[0mdebug[0m] [0m[0mClause(Atom(sbt.plugins.SemanticdbPlugin),Set(Atom(sbt.plugins.JvmPlugin)))[0m
[0m[[0m[0mdebug[0m] [0m[0mClause(Atom(sbt.plugins.JUnitXmlReportPlugin),Set(Atom(sbt.plugins.JvmPlugin)))[0m
[0m[[0m[0mdebug[0m] [0m[0mClause(Atom(sbt.plugins.MiniDependencyTreePlugin),Set(Atom(sbt.plugins.JvmPlugin)))[0m
[0m[[0m[0mdebug[0m] [0m[0mClause(Atom(bloop.integrations.sbt.BloopPlugin),Set(Atom(sbt.plugins.JvmPlugin)))[0m
[0m[[0m[0mdebug[0m] [0m[0mClause(Atom(sbt.plugins.CorePlugin),Set(Atom(sbt.plugins.IvyPlugin)))[0m
[0m[[0m[0mdebug[0m] [0m[0mClause(Atom(sbt.plugins.IvyPlugin),Set(Atom(sbt.plugins.JvmPlugin)))[0m
[0m[[0m[0mdebug[0m] [0m[0mClause(Atom(sbt.plugins.JvmPlugin),Set(Atom(sbt.plugins.SemanticdbPlugin)))[0m
[0m[[0m[0mdebug[0m] [0m[0mClause(Atom(sbt.plugins.JvmPlugin),Set(Atom(sbt.plugins.JUnitXmlReportPlugin)))[0m
[0m[[0m[0mdebug[0m] [0m[0mClause(Atom(sbt.plugins.CorePlugin),Set(Atom(sbt.plugins.Giter8TemplatePlugin)))[0m
[0m[[0m[0mdebug[0m] [0m[0mClause(Atom(sbt.plugins.JvmPlugin),Set(Atom(sbt.plugins.MiniDependencyTreePlugin)))[0m
[0m[[0m[0mdebug[0m] [0m[0mClause(Atom(sbt.plugins.JvmPlugin),Set(Atom(bloop.integrations.sbt.BloopPlugin))))[0m
[0m[[0m[0mdebug[0m] [0m[0m  :: deduced result: Matched(sbt.plugins.CorePlugin,sbt.plugins.Giter8TemplatePlugin,sbt.plugins.IvyPlugin,sbt.plugins.JvmPlugin,bloop.integrations.sbt.BloopPlugin,sbt.plugins.MiniDependencyTreePlugin,sbt.plugins.JUnitXmlReportPlugin,sbt.plugins.SemanticdbPlugin)[0m
[0m[[0m[0mdebug[0m] [0m[0mPlugins.deducer#function took 0.866416 ms[0m
[0m[[0m[0minfo[0m] [0m[0mloading settings for project spark-streaming-build-build from metals.sbt ...[0m
[0m[[0m[0mdebug[0m] [0m[0m                    Load.resolveProject(spark-streaming-build-build) took 10.8755ms[0m
[0m[[0m[0mdebug[0m] [0m[0m                  Load.loadTransitive: finalizeProject(Project(id spark-streaming-build-build, base: /private/var/folders/75/7280jgqx50vclm6n4_hc9lz40000gp/T/spark-streaming/project/project, plugins: List(<none>))) took 12.013583ms[0m
[0m[[0m[0mdebug[0m] [0m[0m[Loading] Done in /private/var/folders/75/7280jgqx50vclm6n4_hc9lz40000gp/T/spark-streaming/project/project, returning: (spark-streaming-build-build)[0m
[0m[[0m[0mdebug[0m] [0m[0m                Load.loadUnit: loadedProjectsRaw took 23.814875ms[0m
[0m[[0m[0mdebug[0m] [0m[0m                Load.loadUnit: cleanEvalClasses took 0.316458ms[0m
[0m[[0m[0mdebug[0m] [0m[0m              Load.loadUnit(file:/private/var/folders/75/7280jgqx50vclm6n4_hc9lz40000gp/T/spark-streaming/project/project/, ...) took 1196.823666ms[0m
[0m[[0m[0mdebug[0m] [0m[0m            Load.apply: load took 1197.463ms[0m
[0m[[0m[0mdebug[0m] [0m[0m            Load.apply: resolveProjects took 0.055917ms[0m
[0m[[0m[0mdebug[0m] [0m[0m            Load.apply: finalTransforms took 7.983875ms[0m
[0m[[0m[0mdebug[0m] [0m[0m            Load.apply: config.delegates took 0.23325ms[0m
[0m[[0m[0mdebug[0m] [0m[0m            Load.apply: Def.make(settings)... took 52.6585ms[0m
[0m[[0m[0mdebug[0m] [0m[0m            Load.apply: structureIndex took 15.513583ms[0m
[0m[[0m[0mdebug[0m] [0m[0m            Load.apply: mkStreams took 0.001708ms[0m
[0m[[0m[0minfo[0m] [0m[0mloading project definition from /private/var/folders/75/7280jgqx50vclm6n4_hc9lz40000gp/T/spark-streaming/project/project[0m
[0m[[0m[0mdebug[0m] [0m[0mEvaluating tasks: bloopInstall[0m
[0m[[0m[0mdebug[0m] [0m[0mRunning task... Cancel: Signal, check cycles: false, forcegc: true[0m
[0m[[0m[32msuccess[0m] [0m[0mGenerated .bloop/spark-streaming-build-build.json[0m
[0m[[0m[32msuccess[0m] [0m[0mTotal time: 1 s, completed 19-Jun-2024, 11:47:02 PM[0m
[0m[[0m[0mdebug[0m] [0m[0mRunning task... Cancel: Signal, check cycles: false, forcegc: true[0m
[0m[[0m[0mdebug[0m] [0m[0m          Load.loadUnit: plugins took 2233.767375ms[0m
[0m[[0m[0mdebug[0m] [0m[0m          Load.loadUnit: defsScala took 0.001125ms[0m
[0m[[0m[0mdebug[0m] [0m[0m[Loading] Scanning directory /private/var/folders/75/7280jgqx50vclm6n4_hc9lz40000gp/T/spark-streaming/project[0m
[0m[[0m[0mdebug[0m] [0m[0m            Load.loadUnit: mkEval took 0.071958ms[0m
[0m[[0m[0mdebug[0m] [0m[0m[Loading] Found non-root projects [0m
[0m[[0m[0mdebug[0m] [0m[0m[Loading] Done in /private/var/folders/75/7280jgqx50vclm6n4_hc9lz40000gp/T/spark-streaming/project, returning: ()[0m
[0m[[0m[0mdebug[0m] [0m[0mdeducing auto plugins based on known facts Set(Atom(sbt.plugins.CorePlugin)) and clauses Clauses(Clause(Atom(sbt.plugins.JvmPlugin),Set(Atom(sbt.plugins.IvyPlugin)))[0m
[0m[[0m[0mdebug[0m] [0m[0mClause(Atom(sbt.ScriptedPlugin),Set(Atom(sbt.plugins.JvmPlugin)))[0m
[0m[[0m[0mdebug[0m] [0m[0mClause(Atom(sbt.plugins.SbtPlugin),Set(Atom(sbt.ScriptedPlugin)))[0m
[0m[[0m[0mdebug[0m] [0m[0mClause(Atom(sbt.plugins.SemanticdbPlugin),Set(Atom(sbt.plugins.JvmPlugin)))[0m
[0m[[0m[0mdebug[0m] [0m[0mClause(Atom(sbt.plugins.JUnitXmlReportPlugin),Set(Atom(sbt.plugins.JvmPlugin)))[0m
[0m[[0m[0mdebug[0m] [0m[0mClause(Atom(sbt.plugins.MiniDependencyTreePlugin),Set(Atom(sbt.plugins.JvmPlugin)))[0m
[0m[[0m[0mdebug[0m] [0m[0mClause(Atom(bloop.integrations.sbt.BloopPlugin),Set(Atom(sbt.plugins.JvmPlugin)))[0m
[0m[[0m[0mdebug[0m] [0m[0mClause(Atom(sbt.plugins.CorePlugin),Set(Atom(sbt.plugins.IvyPlugin)))[0m
[0m[[0m[0mdebug[0m] [0m[0mClause(Atom(sbt.plugins.IvyPlugin),Set(Atom(sbt.plugins.JvmPlugin)))[0m
[0m[[0m[0mdebug[0m] [0m[0mClause(Atom(sbt.plugins.JvmPlugin),Set(Atom(sbt.plugins.SemanticdbPlugin)))[0m
[0m[[0m[0mdebug[0m] [0m[0mClause(Atom(sbt.plugins.JvmPlugin),Set(Atom(sbt.plugins.JUnitXmlReportPlugin)))[0m
[0m[[0m[0mdebug[0m] [0m[0mClause(Atom(sbt.plugins.CorePlugin),Set(Atom(sbt.plugins.Giter8TemplatePlugin)))[0m
[0m[[0m[0mdebug[0m] [0m[0mClause(Atom(sbt.plugins.JvmPlugin),Set(Atom(sbt.plugins.MiniDependencyTreePlugin)))[0m
[0m[[0m[0mdebug[0m] [0m[0mClause(Atom(sbt.plugins.JvmPlugin),Set(Atom(bloop.integrations.sbt.BloopPlugin))))[0m
[0m[[0m[0mdebug[0m] [0m[0m  :: deduced result: Matched(sbt.plugins.CorePlugin,sbt.plugins.Giter8TemplatePlugin,sbt.plugins.IvyPlugin,sbt.plugins.JvmPlugin,bloop.integrations.sbt.BloopPlugin,sbt.plugins.MiniDependencyTreePlugin,sbt.plugins.JUnitXmlReportPlugin,sbt.plugins.SemanticdbPlugin)[0m
[0m[[0m[0mdebug[0m] [0m[0mPlugins.deducer#function took 0.53475 ms[0m
[0m[[0m[0minfo[0m] [0m[0mloading settings for project spark-streaming-build from metals.sbt,plugins.sbt ...[0m
[0m[[0m[0mdebug[0m] [0m[0m              Load.resolveProject(spark-streaming-build) took 9.452208ms[0m
[0m[[0m[0mdebug[0m] [0m[0m            Load.loadTransitive: finalizeProject(Project(id spark-streaming-build, base: /private/var/folders/75/7280jgqx50vclm6n4_hc9lz40000gp/T/spark-streaming/project, plugins: List(<none>))) took 10.190292ms[0m
[0m[[0m[0mdebug[0m] [0m[0m[Loading] Done in /private/var/folders/75/7280jgqx50vclm6n4_hc9lz40000gp/T/spark-streaming/project, returning: (spark-streaming-build)[0m
[0m[[0m[0mdebug[0m] [0m[0m          Load.loadUnit: loadedProjectsRaw took 19.114833ms[0m
[0m[[0m[0mdebug[0m] [0m[0m          Load.loadUnit: cleanEvalClasses took 0.362042ms[0m
[0m[[0m[0mdebug[0m] [0m[0m        Load.loadUnit(file:/private/var/folders/75/7280jgqx50vclm6n4_hc9lz40000gp/T/spark-streaming/project/, ...) took 2253.496042ms[0m
[0m[[0m[0mdebug[0m] [0m[0m      Load.apply: load took 2254.046834ms[0m
[0m[[0m[0mdebug[0m] [0m[0m      Load.apply: resolveProjects took 0.076208ms[0m
[0m[[0m[0mdebug[0m] [0m[0m      Load.apply: finalTransforms took 5.614667ms[0m
[0m[[0m[0mdebug[0m] [0m[0m      Load.apply: config.delegates took 0.136958ms[0m
[0m[[0m[0mdebug[0m] [0m[0m      Load.apply: Def.make(settings)... took 36.525209ms[0m
[0m[[0m[0mdebug[0m] [0m[0m      Load.apply: structureIndex took 11.352959ms[0m
[0m[[0m[0mdebug[0m] [0m[0m      Load.apply: mkStreams took 0.001917ms[0m
[0m[[0m[0minfo[0m] [0m[0mloading project definition from /private/var/folders/75/7280jgqx50vclm6n4_hc9lz40000gp/T/spark-streaming/project[0m
[0m[[0m[0mdebug[0m] [0m[0mEvaluating tasks: bloopInstall[0m
[0m[[0m[0mdebug[0m] [0m[0mRunning task... Cancel: Signal, check cycles: false, forcegc: true[0m
[0m[[0m[32msuccess[0m] [0m[0mGenerated .bloop/spark-streaming-build.json[0m
[0m[[0m[32msuccess[0m] [0m[0mTotal time: 0 s, completed 19-Jun-2024, 11:47:03 PM[0m
[0m[[0m[0mdebug[0m] [0m[0mRunning task... Cancel: Signal, check cycles: false, forcegc: true[0m
[0m[[0m[0mdebug[0m] [0m[0m    Load.loadUnit: plugins took 2781.013417ms[0m
[0m[[0m[0mdebug[0m] [0m[0m    Load.loadUnit: defsScala took 0.001375ms[0m
[0m[[0m[0mdebug[0m] [0m[0m[Loading] Scanning directory /private/var/folders/75/7280jgqx50vclm6n4_hc9lz40000gp/T/spark-streaming[0m
[0m[[0m[0mdebug[0m] [0m[0m      Load.loadUnit: mkEval took 0.1015ms[0m
[0m[[0m[0mdebug[0m] [0m[0m[Loading] Found non-root projects [0m
[0m[[0m[0mdebug[0m] [0m[0m[Loading] Done in /private/var/folders/75/7280jgqx50vclm6n4_hc9lz40000gp/T/spark-streaming, returning: ()[0m
[0m[[0m[0mdebug[0m] [0m[0mdeducing auto plugins based on known facts Set(Atom(sbt.plugins.CorePlugin)) and clauses Clauses(Clause(Atom(sbt.plugins.JvmPlugin),Set(Atom(sbt.plugins.IvyPlugin)))[0m
[0m[[0m[0mdebug[0m] [0m[0mClause(Atom(sbt.ScriptedPlugin),Set(Atom(sbt.plugins.JvmPlugin)))[0m
[0m[[0m[0mdebug[0m] [0m[0mClause(Atom(sbt.plugins.SbtPlugin),Set(Atom(sbt.ScriptedPlugin)))[0m
[0m[[0m[0mdebug[0m] [0m[0mClause(Atom(sbt.plugins.SemanticdbPlugin),Set(Atom(sbt.plugins.JvmPlugin)))[0m
[0m[[0m[0mdebug[0m] [0m[0mClause(Atom(sbt.plugins.JUnitXmlReportPlugin),Set(Atom(sbt.plugins.JvmPlugin)))[0m
[0m[[0m[0mdebug[0m] [0m[0mClause(Atom(sbt.plugins.MiniDependencyTreePlugin),Set(Atom(sbt.plugins.JvmPlugin)))[0m
[0m[[0m[0mdebug[0m] [0m[0mClause(Atom(bloop.integrations.sbt.BloopPlugin),Set(Atom(sbt.plugins.JvmPlugin)))[0m
[0m[[0m[0mdebug[0m] [0m[0mClause(Atom(sbtassembly.AssemblyPlugin),Set(Atom(sbt.plugins.JvmPlugin)))[0m
[0m[[0m[0mdebug[0m] [0m[0mClause(Atom(sbt.plugins.CorePlugin),Set(Atom(sbt.plugins.IvyPlugin)))[0m
[0m[[0m[0mdebug[0m] [0m[0mClause(Atom(sbt.plugins.IvyPlugin),Set(Atom(sbt.plugins.JvmPlugin)))[0m
[0m[[0m[0mdebug[0m] [0m[0mClause(Atom(sbt.plugins.JvmPlugin),Set(Atom(sbt.plugins.SemanticdbPlugin)))[0m
[0m[[0m[0mdebug[0m] [0m[0mClause(Atom(sbt.plugins.JvmPlugin),Set(Atom(sbt.plugins.JUnitXmlReportPlugin)))[0m
[0m[[0m[0mdebug[0m] [0m[0mClause(Atom(sbt.plugins.CorePlugin),Set(Atom(sbt.plugins.Giter8TemplatePlugin)))[0m
[0m[[0m[0mdebug[0m] [0m[0mClause(Atom(sbt.plugins.JvmPlugin),Set(Atom(sbt.plugins.MiniDependencyTreePlugin)))[0m
[0m[[0m[0mdebug[0m] [0m[0mClause(Atom(sbt.plugins.JvmPlugin),Set(Atom(bloop.integrations.sbt.BloopPlugin)))[0m
[0m[[0m[0mdebug[0m] [0m[0mClause(Atom(sbt.plugins.JvmPlugin),Set(Atom(sbtassembly.AssemblyPlugin))))[0m
[0m[[0m[0mdebug[0m] [0m[0m  :: deduced result: Matched(sbt.plugins.CorePlugin,sbt.plugins.Giter8TemplatePlugin,sbt.plugins.IvyPlugin,sbt.plugins.JvmPlugin,bloop.integrations.sbt.BloopPlugin,sbt.plugins.SemanticdbPlugin,sbt.plugins.JUnitXmlReportPlugin,sbtassembly.AssemblyPlugin,sbt.plugins.MiniDependencyTreePlugin)[0m
[0m[[0m[0mdebug[0m] [0m[0mPlugins.deducer#function took 0.604625 ms[0m
[0m[[0m[0minfo[0m] [0m[0mloading settings for project spark-streaming from build.sbt ...[0m
[0m[[0m[0mdebug[0m] [0m[0m        Load.resolveProject(spark-streaming) took 10.209833ms[0m
[0m[[0m[0mdebug[0m] [0m[0m      Load.loadTransitive: finalizeProject(Project(id spark-streaming, base: /private/var/folders/75/7280jgqx50vclm6n4_hc9lz40000gp/T/spark-streaming, plugins: List(<none>))) took 11.036417ms[0m
[0m[[0m[0mdebug[0m] [0m[0m[Loading] Done in /private/var/folders/75/7280jgqx50vclm6n4_hc9lz40000gp/T/spark-streaming, returning: (spark-streaming)[0m
[0m[[0m[0mdebug[0m] [0m[0m    Load.loadUnit: loadedProjectsRaw took 62.432041ms[0m
[0m[[0m[0mdebug[0m] [0m[0m    Load.loadUnit: cleanEvalClasses took 1.372375ms[0m
[0m[[0m[0mdebug[0m] [0m[0m  Load.loadUnit(file:/private/var/folders/75/7280jgqx50vclm6n4_hc9lz40000gp/T/spark-streaming/, ...) took 2845.292375ms[0m
[0m[[0m[0mdebug[0m] [0m[0mLoad.apply: load took 2852.621958ms[0m
[0m[[0m[0mdebug[0m] [0m[0mLoad.apply: resolveProjects took 0.05225ms[0m
[0m[[0m[0mdebug[0m] [0m[0mLoad.apply: finalTransforms took 6.827166ms[0m
[0m[[0m[0mdebug[0m] [0m[0mLoad.apply: config.delegates took 0.143625ms[0m
[0m[[0m[0mdebug[0m] [0m[0mLoad.apply: Def.make(settings)... took 41.997625ms[0m
[0m[[0m[0mdebug[0m] [0m[0mLoad.apply: structureIndex took 19.935917ms[0m
[0m[[0m[0mdebug[0m] [0m[0mLoad.apply: mkStreams took 0.002416ms[0m
[0m[[0m[0minfo[0m] [0m[0mset current project to spark-streaming (in build file:/private/var/folders/75/7280jgqx50vclm6n4_hc9lz40000gp/T/spark-streaming/)[0m
[0m[[0m[0mdebug[0m] [0m[0m> Exec(sbtPopOnFailure, None, None)[0m
[0m[[0m[0mdebug[0m] [0m[0m> Exec(resumeFromFailure, None, None)[0m
[0m[[0m[0mdebug[0m] [0m[0m> Exec(notifyUsersAboutShell, None, None)[0m
[0m[[0m[0mdebug[0m] [0m[0m> Exec(iflast shell, None, None)[0m
[0m[[0m[0mdebug[0m] [0m[0m> Exec(run, None, None)[0m
[0m[[0m[0mdebug[0m] [0m[0mEvaluating tasks: Compile / run[0m
[0m[[0m[0mdebug[0m] [0m[0mRunning task... Cancel: Signal, check cycles: false, forcegc: true[0m
