2024.06.19 19:52:11 INFO  Started: Metals version 1.3.1+87-dc572a5d-SNAPSHOT in folders '/private/var/folders/75/7280jgqx50vclm6n4_hc9lz40000gp/T/spark-streaming' for client Visual Studio Code 1.89.1.
SLF4J(W): Class path contains multiple SLF4J providers.
SLF4J(W): Found provider [scribe.slf4j.ScribeServiceProvider@7360996a]
SLF4J(W): Found provider [ch.qos.logback.classic.spi.LogbackServiceProvider@a7d4d71]
SLF4J(W): See https://www.slf4j.org/codes.html#multiple_bindings for an explanation.
SLF4J(I): Actual provider is of type [scribe.slf4j.ScribeServiceProvider@7360996a]
2024.06.19 19:52:11 WARN  Flyway upgrade recommended: H2 2.2.224 is newer than this version of Flyway and support has not been tested. The latest supported version of H2 is 2.2.220.
2024.06.19 19:52:52 INFO  no build target found for /private/var/folders/75/7280jgqx50vclm6n4_hc9lz40000gp/T/spark-streaming/build.sbt. Using presentation compiler with project's scala-library version: 3.3.3
2024.06.19 19:52:52 WARN  Could not find semantic tokens for: file:///private/var/folders/75/7280jgqx50vclm6n4_hc9lz40000gp/T/spark-streaming/build.sbt
2024.06.19 19:52:56 INFO  no build target found for /private/var/folders/75/7280jgqx50vclm6n4_hc9lz40000gp/T/spark-streaming/build.sbt. Using presentation compiler with project's scala-library version: 3.3.3
2024.06.19 19:52:57 INFO  no build target found for /private/var/folders/75/7280jgqx50vclm6n4_hc9lz40000gp/T/spark-streaming/build.sbt. Using presentation compiler with project's scala-library version: 3.3.3
2024.06.19 19:52:57 WARN  Could not find semantic tokens for: file:///private/var/folders/75/7280jgqx50vclm6n4_hc9lz40000gp/T/spark-streaming/build.sbt
2024.06.19 19:52:58 INFO  no build target found for /private/var/folders/75/7280jgqx50vclm6n4_hc9lz40000gp/T/spark-streaming/build.sbt. Using presentation compiler with project's scala-library version: 3.3.3
2024.06.19 19:52:58 INFO  no build target found for /private/var/folders/75/7280jgqx50vclm6n4_hc9lz40000gp/T/spark-streaming/build.sbt. Using presentation compiler with project's scala-library version: 3.3.3
2024.06.19 19:52:58 WARN  Could not find semantic tokens for: file:///private/var/folders/75/7280jgqx50vclm6n4_hc9lz40000gp/T/spark-streaming/build.sbt
2024.06.19 19:52:58 INFO  no build target found for /private/var/folders/75/7280jgqx50vclm6n4_hc9lz40000gp/T/spark-streaming/build.sbt. Using presentation compiler with project's scala-library version: 3.3.3
2024.06.19 19:52:59 INFO  no build target found for /private/var/folders/75/7280jgqx50vclm6n4_hc9lz40000gp/T/spark-streaming/build.sbt. Using presentation compiler with project's scala-library version: 3.3.3
2024.06.19 19:52:59 WARN  Could not find semantic tokens for: file:///private/var/folders/75/7280jgqx50vclm6n4_hc9lz40000gp/T/spark-streaming/build.sbt
2024.06.19 19:52:58 INFO  no build target found for /private/var/folders/75/7280jgqx50vclm6n4_hc9lz40000gp/T/spark-streaming/build.sbt. Using presentation compiler with project's scala-library version: 3.3.3
2024.06.19 19:52:59 INFO  no build target found for /private/var/folders/75/7280jgqx50vclm6n4_hc9lz40000gp/T/spark-streaming/build.sbt. Using presentation compiler with project's scala-library version: 3.3.3
2024.06.19 19:52:59 INFO  no build target found for /private/var/folders/75/7280jgqx50vclm6n4_hc9lz40000gp/T/spark-streaming/build.sbt. Using presentation compiler with project's scala-library version: 3.3.3
2024.06.19 19:52:59 WARN  Could not find semantic tokens for: file:///private/var/folders/75/7280jgqx50vclm6n4_hc9lz40000gp/T/spark-streaming/build.sbt
2024.06.19 19:52:59 INFO  no build target found for /private/var/folders/75/7280jgqx50vclm6n4_hc9lz40000gp/T/spark-streaming/build.sbt. Using presentation compiler with project's scala-library version: 3.3.3
2024.06.19 19:52:59 INFO  no build target found for /private/var/folders/75/7280jgqx50vclm6n4_hc9lz40000gp/T/spark-streaming/build.sbt. Using presentation compiler with project's scala-library version: 3.3.3
2024.06.19 19:52:59 WARN  Could not find semantic tokens for: file:///private/var/folders/75/7280jgqx50vclm6n4_hc9lz40000gp/T/spark-streaming/build.sbt
2024.06.19 19:52:59 INFO  no build target found for /private/var/folders/75/7280jgqx50vclm6n4_hc9lz40000gp/T/spark-streaming/build.sbt. Using presentation compiler with project's scala-library version: 3.3.3
2024.06.19 19:53:04 INFO  no build target found for /private/var/folders/75/7280jgqx50vclm6n4_hc9lz40000gp/T/spark-streaming/build.sbt. Using presentation compiler with project's scala-library version: 3.3.3
2024.06.19 19:53:04 INFO  no build target found for /private/var/folders/75/7280jgqx50vclm6n4_hc9lz40000gp/T/spark-streaming/build.sbt. Using presentation compiler with project's scala-library version: 3.3.3
2024.06.19 19:53:04 WARN  Could not find semantic tokens for: file:///private/var/folders/75/7280jgqx50vclm6n4_hc9lz40000gp/T/spark-streaming/build.sbt
2024.06.19 19:53:04 INFO  no build target found for /private/var/folders/75/7280jgqx50vclm6n4_hc9lz40000gp/T/spark-streaming/build.sbt. Using presentation compiler with project's scala-library version: 3.3.3
2024.06.19 19:53:04 INFO  no build target found for /private/var/folders/75/7280jgqx50vclm6n4_hc9lz40000gp/T/spark-streaming/build.sbt. Using presentation compiler with project's scala-library version: 3.3.3
2024.06.19 19:53:04 WARN  Could not find semantic tokens for: file:///private/var/folders/75/7280jgqx50vclm6n4_hc9lz40000gp/T/spark-streaming/build.sbt
2024.06.19 19:53:05 INFO  no build target found for /private/var/folders/75/7280jgqx50vclm6n4_hc9lz40000gp/T/spark-streaming/build.sbt. Using presentation compiler with project's scala-library version: 3.3.3
2024.06.19 19:53:09 INFO  no build target found for /private/var/folders/75/7280jgqx50vclm6n4_hc9lz40000gp/T/spark-streaming/build.sbt. Using presentation compiler with project's scala-library version: 3.3.3
2024.06.19 19:53:09 INFO  no build target found for /private/var/folders/75/7280jgqx50vclm6n4_hc9lz40000gp/T/spark-streaming/build.sbt. Using presentation compiler with project's scala-library version: 3.3.3
2024.06.19 19:53:09 WARN  Could not find semantic tokens for: file:///private/var/folders/75/7280jgqx50vclm6n4_hc9lz40000gp/T/spark-streaming/build.sbt
2024.06.19 19:53:09 INFO  no build target found for /private/var/folders/75/7280jgqx50vclm6n4_hc9lz40000gp/T/spark-streaming/build.sbt. Using presentation compiler with project's scala-library version: 3.3.3
2024.06.19 19:53:10 INFO  no build target found for /private/var/folders/75/7280jgqx50vclm6n4_hc9lz40000gp/T/spark-streaming/build.sbt. Using presentation compiler with project's scala-library version: 3.3.3
2024.06.19 19:53:10 WARN  Could not find semantic tokens for: file:///private/var/folders/75/7280jgqx50vclm6n4_hc9lz40000gp/T/spark-streaming/build.sbt
2024.06.19 19:53:10 WARN  no build target for: /private/var/folders/75/7280jgqx50vclm6n4_hc9lz40000gp/T/spark-streaming/build.sbt
2024.06.19 19:53:10 INFO  no build target found for /private/var/folders/75/7280jgqx50vclm6n4_hc9lz40000gp/T/spark-streaming/build.sbt. Using presentation compiler with project's scala-library version: 3.3.3
2024.06.19 19:53:10 INFO  no build target found for /private/var/folders/75/7280jgqx50vclm6n4_hc9lz40000gp/T/spark-streaming/build.sbt. Using presentation compiler with project's scala-library version: 3.3.3
2024.06.19 19:53:10 WARN  Could not find semantic tokens for: file:///private/var/folders/75/7280jgqx50vclm6n4_hc9lz40000gp/T/spark-streaming/build.sbt
2024.06.19 19:53:10 INFO  no build target found for /private/var/folders/75/7280jgqx50vclm6n4_hc9lz40000gp/T/spark-streaming/build.sbt. Using presentation compiler with project's scala-library version: 3.3.3
2024.06.19 19:53:10 WARN  Could not find semantic tokens for: file:///private/var/folders/75/7280jgqx50vclm6n4_hc9lz40000gp/T/spark-streaming/build.sbt
2024.06.19 19:53:41 INFO  no build target found for /private/var/folders/75/7280jgqx50vclm6n4_hc9lz40000gp/T/spark-streaming/build.sbt. Using presentation compiler with project's scala-library version: 3.3.3
2024.06.19 19:53:41 INFO  no build target found for /private/var/folders/75/7280jgqx50vclm6n4_hc9lz40000gp/T/spark-streaming/build.sbt. Using presentation compiler with project's scala-library version: 3.3.3
2024.06.19 19:53:41 INFO  no build target found for /private/var/folders/75/7280jgqx50vclm6n4_hc9lz40000gp/T/spark-streaming/build.sbt. Using presentation compiler with project's scala-library version: 3.3.3
2024.06.19 19:53:44 INFO  no build target found for /private/var/folders/75/7280jgqx50vclm6n4_hc9lz40000gp/T/spark-streaming/build.sbt. Using presentation compiler with project's scala-library version: 3.3.3
2024.06.19 19:53:44 INFO  no build target found for /private/var/folders/75/7280jgqx50vclm6n4_hc9lz40000gp/T/spark-streaming/build.sbt. Using presentation compiler with project's scala-library version: 3.3.3
2024.06.19 19:53:44 INFO  no build target found for /private/var/folders/75/7280jgqx50vclm6n4_hc9lz40000gp/T/spark-streaming/build.sbt. Using presentation compiler with project's scala-library version: 3.3.3
2024.06.19 19:53:47 INFO  no build target found for /private/var/folders/75/7280jgqx50vclm6n4_hc9lz40000gp/T/spark-streaming/build.sbt. Using presentation compiler with project's scala-library version: 3.3.3
2024.06.19 19:53:47 INFO  no build target found for /private/var/folders/75/7280jgqx50vclm6n4_hc9lz40000gp/T/spark-streaming/build.sbt. Using presentation compiler with project's scala-library version: 3.3.3
2024.06.19 19:53:47 INFO  no build target found for /private/var/folders/75/7280jgqx50vclm6n4_hc9lz40000gp/T/spark-streaming/build.sbt. Using presentation compiler with project's scala-library version: 3.3.3
2024.06.19 19:53:47 INFO  no build target found for /private/var/folders/75/7280jgqx50vclm6n4_hc9lz40000gp/T/spark-streaming/build.sbt. Using presentation compiler with project's scala-library version: 3.3.3
2024.06.19 19:53:47 INFO  no build target found for /private/var/folders/75/7280jgqx50vclm6n4_hc9lz40000gp/T/spark-streaming/build.sbt. Using presentation compiler with project's scala-library version: 3.3.3
2024.06.19 19:53:47 INFO  no build target found for /private/var/folders/75/7280jgqx50vclm6n4_hc9lz40000gp/T/spark-streaming/build.sbt. Using presentation compiler with project's scala-library version: 3.3.3
2024.06.19 19:53:48 INFO  no build target found for /private/var/folders/75/7280jgqx50vclm6n4_hc9lz40000gp/T/spark-streaming/build.sbt. Using presentation compiler with project's scala-library version: 3.3.3
2024.06.19 19:53:48 INFO  no build target found for /private/var/folders/75/7280jgqx50vclm6n4_hc9lz40000gp/T/spark-streaming/build.sbt. Using presentation compiler with project's scala-library version: 3.3.3
2024.06.19 19:53:48 INFO  no build target found for /private/var/folders/75/7280jgqx50vclm6n4_hc9lz40000gp/T/spark-streaming/build.sbt. Using presentation compiler with project's scala-library version: 3.3.3
2024.06.19 19:53:48 INFO  no build target found for /private/var/folders/75/7280jgqx50vclm6n4_hc9lz40000gp/T/spark-streaming/build.sbt. Using presentation compiler with project's scala-library version: 3.3.3
2024.06.19 19:53:48 INFO  no build target found for /private/var/folders/75/7280jgqx50vclm6n4_hc9lz40000gp/T/spark-streaming/build.sbt. Using presentation compiler with project's scala-library version: 3.3.3
2024.06.19 19:53:50 INFO  no build target found for /private/var/folders/75/7280jgqx50vclm6n4_hc9lz40000gp/T/spark-streaming/build.sbt. Using presentation compiler with project's scala-library version: 3.3.3
2024.06.19 19:53:50 INFO  no build target found for /private/var/folders/75/7280jgqx50vclm6n4_hc9lz40000gp/T/spark-streaming/build.sbt. Using presentation compiler with project's scala-library version: 3.3.3
2024.06.19 19:53:50 INFO  no build target found for /private/var/folders/75/7280jgqx50vclm6n4_hc9lz40000gp/T/spark-streaming/build.sbt. Using presentation compiler with project's scala-library version: 3.3.3
2024.06.19 19:53:51 INFO  no build target found for /private/var/folders/75/7280jgqx50vclm6n4_hc9lz40000gp/T/spark-streaming/build.sbt. Using presentation compiler with project's scala-library version: 3.3.3
2024.06.19 19:53:50 INFO  no build target found for /private/var/folders/75/7280jgqx50vclm6n4_hc9lz40000gp/T/spark-streaming/build.sbt. Using presentation compiler with project's scala-library version: 3.3.3
2024.06.19 19:53:51 INFO  no build target found for /private/var/folders/75/7280jgqx50vclm6n4_hc9lz40000gp/T/spark-streaming/build.sbt. Using presentation compiler with project's scala-library version: 3.3.3
2024.06.19 19:53:52 INFO  no build target found for /private/var/folders/75/7280jgqx50vclm6n4_hc9lz40000gp/T/spark-streaming/build.sbt. Using presentation compiler with project's scala-library version: 3.3.3
2024.06.19 19:53:51 INFO  no build target found for /private/var/folders/75/7280jgqx50vclm6n4_hc9lz40000gp/T/spark-streaming/build.sbt. Using presentation compiler with project's scala-library version: 3.3.3
2024.06.19 19:53:53 INFO  no build target found for /private/var/folders/75/7280jgqx50vclm6n4_hc9lz40000gp/T/spark-streaming/build.sbt. Using presentation compiler with project's scala-library version: 3.3.3
2024.06.19 19:53:53 INFO  no build target found for /private/var/folders/75/7280jgqx50vclm6n4_hc9lz40000gp/T/spark-streaming/build.sbt. Using presentation compiler with project's scala-library version: 3.3.3
2024.06.19 19:53:53 INFO  no build target found for /private/var/folders/75/7280jgqx50vclm6n4_hc9lz40000gp/T/spark-streaming/build.sbt. Using presentation compiler with project's scala-library version: 3.3.3
2024.06.19 19:53:53 INFO  no build target found for /private/var/folders/75/7280jgqx50vclm6n4_hc9lz40000gp/T/spark-streaming/build.sbt. Using presentation compiler with project's scala-library version: 3.3.3
2024.06.19 19:53:53 INFO  no build target found for /private/var/folders/75/7280jgqx50vclm6n4_hc9lz40000gp/T/spark-streaming/build.sbt. Using presentation compiler with project's scala-library version: 3.3.3
2024.06.19 19:53:54 INFO  no build target found for /private/var/folders/75/7280jgqx50vclm6n4_hc9lz40000gp/T/spark-streaming/build.sbt. Using presentation compiler with project's scala-library version: 3.3.3
2024.06.19 19:53:54 INFO  no build target found for /private/var/folders/75/7280jgqx50vclm6n4_hc9lz40000gp/T/spark-streaming/build.sbt. Using presentation compiler with project's scala-library version: 3.3.3
2024.06.19 19:53:54 INFO  no build target found for /private/var/folders/75/7280jgqx50vclm6n4_hc9lz40000gp/T/spark-streaming/build.sbt. Using presentation compiler with project's scala-library version: 3.3.3
2024.06.19 19:53:54 INFO  no build target found for /private/var/folders/75/7280jgqx50vclm6n4_hc9lz40000gp/T/spark-streaming/build.sbt. Using presentation compiler with project's scala-library version: 3.3.3
2024.06.19 19:53:55 WARN  no build target for: /private/var/folders/75/7280jgqx50vclm6n4_hc9lz40000gp/T/spark-streaming/build.sbt
2024.06.19 19:53:55 INFO  no build target found for /private/var/folders/75/7280jgqx50vclm6n4_hc9lz40000gp/T/spark-streaming/build.sbt. Using presentation compiler with project's scala-library version: 3.3.3
2024.06.19 19:53:54 INFO  no build target found for /private/var/folders/75/7280jgqx50vclm6n4_hc9lz40000gp/T/spark-streaming/build.sbt. Using presentation compiler with project's scala-library version: 3.3.3
2024.06.19 19:54:07 INFO  no build target found for /private/var/folders/75/7280jgqx50vclm6n4_hc9lz40000gp/T/spark-streaming/build.sbt. Using presentation compiler with project's scala-library version: 3.3.3
2024.06.19 19:54:11 INFO  no build target found for /private/var/folders/75/7280jgqx50vclm6n4_hc9lz40000gp/T/spark-streaming/build.sbt. Using presentation compiler with project's scala-library version: 3.3.3
2024.06.19 19:54:11 INFO  no build target found for /private/var/folders/75/7280jgqx50vclm6n4_hc9lz40000gp/T/spark-streaming/project/plugins.sbt. Using presentation compiler with project's scala-library version: 3.3.3
2024.06.19 19:54:11 WARN  Could not find semantic tokens for: file:///private/var/folders/75/7280jgqx50vclm6n4_hc9lz40000gp/T/spark-streaming/project/plugins.sbt
2024.06.19 19:54:11 WARN  no build target for: /private/var/folders/75/7280jgqx50vclm6n4_hc9lz40000gp/T/spark-streaming/project/plugins.sbt
2024.06.19 19:54:11 INFO  no build target found for /private/var/folders/75/7280jgqx50vclm6n4_hc9lz40000gp/T/spark-streaming/project/plugins.sbt. Using presentation compiler with project's scala-library version: 3.3.3
2024.06.19 19:54:11 INFO  no build target found for /private/var/folders/75/7280jgqx50vclm6n4_hc9lz40000gp/T/spark-streaming/project/plugins.sbt. Using presentation compiler with project's scala-library version: 3.3.3
2024.06.19 19:54:11 WARN  Could not find semantic tokens for: file:///private/var/folders/75/7280jgqx50vclm6n4_hc9lz40000gp/T/spark-streaming/project/plugins.sbt
2024.06.19 19:54:16 INFO  running '/opt/homebrew/bin/sbt -Dbloop.export-jar-classifiers=sources bloopInstall'
2024.06.19 19:54:17 WARN  no build target for: /private/var/folders/75/7280jgqx50vclm6n4_hc9lz40000gp/T/spark-streaming/project/metals.sbt
2024.06.19 19:54:17 INFO  no build target found for /private/var/folders/75/7280jgqx50vclm6n4_hc9lz40000gp/T/spark-streaming/project/project/metals.sbt. Using presentation compiler with project's scala-library version: 3.3.3
2024.06.19 19:54:17 WARN  no build target for: /private/var/folders/75/7280jgqx50vclm6n4_hc9lz40000gp/T/spark-streaming/project/project/metals.sbt
2024.06.19 19:54:17 INFO  no build target found for /private/var/folders/75/7280jgqx50vclm6n4_hc9lz40000gp/T/spark-streaming/project/metals.sbt. Using presentation compiler with project's scala-library version: 3.3.3
2024.06.19 19:54:17 INFO  no build target found for /private/var/folders/75/7280jgqx50vclm6n4_hc9lz40000gp/T/spark-streaming/project/plugins.sbt. Using presentation compiler with project's scala-library version: 3.3.3
2024.06.19 19:54:16 WARN  Could not find semantic tokens for: file:///private/var/folders/75/7280jgqx50vclm6n4_hc9lz40000gp/T/spark-streaming/project/plugins.sbt
2024.06.19 19:54:22 INFO  [info] welcome to sbt 1.10.0 (Homebrew Java 11.0.23)
2024.06.19 19:54:24 INFO  [info] loading settings for project spark-streaming-build-build-build from metals.sbt ...
2024.06.19 19:54:24 INFO  [info] loading project definition from /private/var/folders/75/7280jgqx50vclm6n4_hc9lz40000gp/T/spark-streaming/project/project/project
2024.06.19 19:54:25 INFO  [info] loading settings for project spark-streaming-build-build from metals.sbt ...
2024.06.19 19:54:25 INFO  [info] loading project definition from /private/var/folders/75/7280jgqx50vclm6n4_hc9lz40000gp/T/spark-streaming/project/project
2024.06.19 19:54:26 INFO  [success] Generated .bloop/spark-streaming-build-build.json
2024.06.19 19:54:26 INFO  [success] Total time: 1 s, completed 19-Jun-2024, 7:54:26 PM
2024.06.19 19:54:26 INFO  [info] loading settings for project spark-streaming-build from metals.sbt,plugins.sbt ...
2024.06.19 19:54:26 INFO  [info] loading project definition from /private/var/folders/75/7280jgqx50vclm6n4_hc9lz40000gp/T/spark-streaming/project
2024.06.19 19:54:27 INFO  [success] Generated .bloop/spark-streaming-build.json
2024.06.19 19:54:27 INFO  [success] Total time: 1 s, completed 19-Jun-2024, 7:54:27 PM
2024.06.19 19:54:28 ERROR /private/var/folders/75/7280jgqx50vclm6n4_hc9lz40000gp/T/spark-streaming/build.sbt:7: warning: method in in trait ScopingSetting is deprecated (since 1.5.0): `in` is deprecated; migrate to slash syntax - https://www.scala-sbt.org/1.x/docs/Migrating-from-sbt-013x.html#slash
2024.06.19 19:54:28 ERROR fork in run := true
2024.06.19 19:54:28 ERROR      ^
2024.06.19 19:54:28 ERROR /private/var/folders/75/7280jgqx50vclm6n4_hc9lz40000gp/T/spark-streaming/build.sbt:30: warning: method in in trait ScopingSetting is deprecated (since 1.5.0): `in` is deprecated; migrate to slash syntax - https://www.scala-sbt.org/1.x/docs/Migrating-from-sbt-013x.html#slash
2024.06.19 19:54:28 ERROR assemblyMergeStrategy in assembly := {
2024.06.19 19:54:28 ERROR                       ^
2024.06.19 19:54:28 INFO  [info] loading settings for project spark-streaming from build.sbt ...
2024.06.19 19:54:28 INFO  [info] set current project to spark-streaming (in build file:/private/var/folders/75/7280jgqx50vclm6n4_hc9lz40000gp/T/spark-streaming/)
2024.06.19 19:54:35 INFO  [warn] 
2024.06.19 19:54:35 INFO  [warn] 	Note: Unresolved dependencies path:
2024.06.19 19:54:35 INFO  [error] Couldn't run bloopGenerate. The issue could be caused by failing to compile the project.
2024.06.19 19:54:35 INFO  [error] sbt.librarymanagement.ResolveException: Error downloading org.apache.spark:spark-sql-kafka-0-10_2.13:3.1.1
2024.06.19 19:54:35 INFO  [error]   Not found
2024.06.19 19:54:35 INFO  [error]   Not found
2024.06.19 19:54:35 INFO  [error]   not found: /Users/smukka/.ivy2/localorg.apache.spark/spark-sql-kafka-0-10_2.13/3.1.1/ivys/ivy.xml
2024.06.19 19:54:35 INFO  [error]   not found: https://repo1.maven.org/maven2/org/apache/spark/spark-sql-kafka-0-10_2.13/3.1.1/spark-sql-kafka-0-10_2.13-3.1.1.pom
2024.06.19 19:54:35 INFO  [error]   not found: /Users/smukka/.m2/repository/org/apache/spark/spark-sql-kafka-0-10_2.13/3.1.1/spark-sql-kafka-0-10_2.13-3.1.1.pom
2024.06.19 19:54:35 INFO  [error]   not found: https://jcenter.bintray.com/org/apache/spark/spark-sql-kafka-0-10_2.13/3.1.1/spark-sql-kafka-0-10_2.13-3.1.1.pom
2024.06.19 19:54:35 INFO  [error]   download error: Caught java.net.ConnectException (Connection refused (Connection refused)) while downloading https://repo.spray.io/org/apache/spark/spark-sql-kafka-0-10_2.13/3.1.1/spark-sql-kafka-0-10_2.13-3.1.1.pom
2024.06.19 19:54:35 INFO  [error]   not found: https://dl.bintray.com/hseeberger/maven/org/apache/spark/spark-sql-kafka-0-10_2.13/3.1.1/spark-sql-kafka-0-10_2.13-3.1.1.pom
2024.06.19 19:54:35 INFO  [error]   not found: https://repository.apache.org/snapshots/org/apache/spark/spark-sql-kafka-0-10_2.13/3.1.1/spark-sql-kafka-0-10_2.13-3.1.1.pom
2024.06.19 19:54:35 INFO  [error] Error downloading org.apache.spark:spark-core_2.13:3.1.1
2024.06.19 19:54:35 INFO  [error]   Not found
2024.06.19 19:54:35 INFO  [error]   Not found
2024.06.19 19:54:35 INFO  [error]   not found: /Users/smukka/.ivy2/localorg.apache.spark/spark-core_2.13/3.1.1/ivys/ivy.xml
2024.06.19 19:54:35 INFO  [error]   not found: https://repo1.maven.org/maven2/org/apache/spark/spark-core_2.13/3.1.1/spark-core_2.13-3.1.1.pom
2024.06.19 19:54:35 INFO  [error]   not found: /Users/smukka/.m2/repository/org/apache/spark/spark-core_2.13/3.1.1/spark-core_2.13-3.1.1.pom
2024.06.19 19:54:35 INFO  [error]   not found: https://jcenter.bintray.com/org/apache/spark/spark-core_2.13/3.1.1/spark-core_2.13-3.1.1.pom
2024.06.19 19:54:35 INFO  [error]   download error: Caught java.net.ConnectException (Connection refused (Connection refused)) while downloading https://repo.spray.io/org/apache/spark/spark-core_2.13/3.1.1/spark-core_2.13-3.1.1.pom
2024.06.19 19:54:35 INFO  [error]   not found: https://dl.bintray.com/hseeberger/maven/org/apache/spark/spark-core_2.13/3.1.1/spark-core_2.13-3.1.1.pom
2024.06.19 19:54:35 INFO  [error]   not found: https://repository.apache.org/snapshots/org/apache/spark/spark-core_2.13/3.1.1/spark-core_2.13-3.1.1.pom
2024.06.19 19:54:35 INFO  [error] Error downloading org.apache.spark:spark-sql_2.13:3.1.1
2024.06.19 19:54:35 INFO  [error]   Not found
2024.06.19 19:54:35 INFO  [error]   Not found
2024.06.19 19:54:35 INFO  [error]   not found: /Users/smukka/.ivy2/localorg.apache.spark/spark-sql_2.13/3.1.1/ivys/ivy.xml
2024.06.19 19:54:35 INFO  [error]   not found: https://repo1.maven.org/maven2/org/apache/spark/spark-sql_2.13/3.1.1/spark-sql_2.13-3.1.1.pom
2024.06.19 19:54:35 INFO  [error]   not found: /Users/smukka/.m2/repository/org/apache/spark/spark-sql_2.13/3.1.1/spark-sql_2.13-3.1.1.pom
2024.06.19 19:54:35 INFO  [error]   not found: https://jcenter.bintray.com/org/apache/spark/spark-sql_2.13/3.1.1/spark-sql_2.13-3.1.1.pom
2024.06.19 19:54:35 INFO  [error]   download error: Caught java.net.ConnectException (Connection refused (Connection refused)) while downloading https://repo.spray.io/org/apache/spark/spark-sql_2.13/3.1.1/spark-sql_2.13-3.1.1.pom
2024.06.19 19:54:35 INFO  [error]   not found: https://dl.bintray.com/hseeberger/maven/org/apache/spark/spark-sql_2.13/3.1.1/spark-sql_2.13-3.1.1.pom
2024.06.19 19:54:35 INFO  [error]   not found: https://repository.apache.org/snapshots/org/apache/spark/spark-sql_2.13/3.1.1/spark-sql_2.13-3.1.1.pom
2024.06.19 19:54:35 INFO  [error] Error downloading org.apache.spark:spark-streaming-kafka-0-10_2.13:3.1.1
2024.06.19 19:54:35 INFO  [error]   Not found
2024.06.19 19:54:35 INFO  [error]   Not found
2024.06.19 19:54:35 INFO  [error]   not found: /Users/smukka/.ivy2/localorg.apache.spark/spark-streaming-kafka-0-10_2.13/3.1.1/ivys/ivy.xml
2024.06.19 19:54:35 INFO  [error]   not found: https://repo1.maven.org/maven2/org/apache/spark/spark-streaming-kafka-0-10_2.13/3.1.1/spark-streaming-kafka-0-10_2.13-3.1.1.pom
2024.06.19 19:54:35 INFO  [error]   not found: /Users/smukka/.m2/repository/org/apache/spark/spark-streaming-kafka-0-10_2.13/3.1.1/spark-streaming-kafka-0-10_2.13-3.1.1.pom
2024.06.19 19:54:35 INFO  [error]   not found: https://jcenter.bintray.com/org/apache/spark/spark-streaming-kafka-0-10_2.13/3.1.1/spark-streaming-kafka-0-10_2.13-3.1.1.pom
2024.06.19 19:54:35 INFO  [error]   download error: Caught java.net.ConnectException (Connection refused (Connection refused)) while downloading https://repo.spray.io/org/apache/spark/spark-streaming-kafka-0-10_2.13/3.1.1/spark-streaming-kafka-0-10_2.13-3.1.1.pom
2024.06.19 19:54:35 INFO  [error]   not found: https://dl.bintray.com/hseeberger/maven/org/apache/spark/spark-streaming-kafka-0-10_2.13/3.1.1/spark-streaming-kafka-0-10_2.13-3.1.1.pom
2024.06.19 19:54:35 INFO  [error]   not found: https://repository.apache.org/snapshots/org/apache/spark/spark-streaming-kafka-0-10_2.13/3.1.1/spark-streaming-kafka-0-10_2.13-3.1.1.pom
2024.06.19 19:54:35 INFO  [error] Error downloading org.apache.spark:spark-streaming_2.13:3.1.1
2024.06.19 19:54:35 INFO  [error]   Not found
2024.06.19 19:54:35 INFO  [error]   Not found
2024.06.19 19:54:35 INFO  [error]   not found: /Users/smukka/.ivy2/localorg.apache.spark/spark-streaming_2.13/3.1.1/ivys/ivy.xml
2024.06.19 19:54:35 INFO  [error]   not found: https://repo1.maven.org/maven2/org/apache/spark/spark-streaming_2.13/3.1.1/spark-streaming_2.13-3.1.1.pom
2024.06.19 19:54:35 INFO  [error]   not found: /Users/smukka/.m2/repository/org/apache/spark/spark-streaming_2.13/3.1.1/spark-streaming_2.13-3.1.1.pom
2024.06.19 19:54:35 INFO  [error]   not found: https://jcenter.bintray.com/org/apache/spark/spark-streaming_2.13/3.1.1/spark-streaming_2.13-3.1.1.pom
2024.06.19 19:54:35 INFO  [error]   download error: Caught java.net.ConnectException (Connection refused (Connection refused)) while downloading https://repo.spray.io/org/apache/spark/spark-streaming_2.13/3.1.1/spark-streaming_2.13-3.1.1.pom
2024.06.19 19:54:35 INFO  [error]   not found: https://dl.bintray.com/hseeberger/maven/org/apache/spark/spark-streaming_2.13/3.1.1/spark-streaming_2.13-3.1.1.pom
2024.06.19 19:54:35 INFO  [error]   not found: https://repository.apache.org/snapshots/org/apache/spark/spark-streaming_2.13/3.1.1/spark-streaming_2.13-3.1.1.pom
2024.06.19 19:54:35 INFO  [error] 	at lmcoursier.CoursierDependencyResolution.unresolvedWarningOrThrow(CoursierDependencyResolution.scala:346)
2024.06.19 19:54:35 INFO  [error] 	at lmcoursier.CoursierDependencyResolution.$anonfun$update$39(CoursierDependencyResolution.scala:315)
2024.06.19 19:54:35 INFO  [error] 	at scala.util.Either$LeftProjection.map(Either.scala:573)
2024.06.19 19:54:35 INFO  [error] 	at lmcoursier.CoursierDependencyResolution.update(CoursierDependencyResolution.scala:315)
2024.06.19 19:54:35 INFO  [error] 	at sbt.librarymanagement.DependencyResolution.update(DependencyResolution.scala:60)
2024.06.19 19:54:35 INFO  [error] 	at sbt.internal.LibraryManagement$.resolve$1(LibraryManagement.scala:60)
2024.06.19 19:54:35 INFO  [error] 	at sbt.internal.LibraryManagement$.$anonfun$cachedUpdate$12(LibraryManagement.scala:134)
2024.06.19 19:54:35 INFO  [error] 	at sbt.util.Tracked$.$anonfun$lastOutput$1(Tracked.scala:74)
2024.06.19 19:54:35 INFO  [error] 	at sbt.internal.LibraryManagement$.$anonfun$cachedUpdate$20(LibraryManagement.scala:147)
2024.06.19 19:54:35 INFO  [error] 	at scala.util.control.Exception$Catch.apply(Exception.scala:228)
2024.06.19 19:54:35 INFO  [error] 	at sbt.internal.LibraryManagement$.$anonfun$cachedUpdate$11(LibraryManagement.scala:147)
2024.06.19 19:54:35 INFO  [error] 	at sbt.internal.LibraryManagement$.$anonfun$cachedUpdate$11$adapted(LibraryManagement.scala:128)
2024.06.19 19:54:35 INFO  [error] 	at sbt.util.Tracked$.$anonfun$inputChangedW$1(Tracked.scala:220)
2024.06.19 19:54:35 INFO  [error] 	at sbt.internal.LibraryManagement$.cachedUpdate(LibraryManagement.scala:161)
2024.06.19 19:54:35 INFO  [error] 	at sbt.Classpaths$.$anonfun$updateTask0$1(Defaults.scala:3867)
2024.06.19 19:54:35 INFO  [error] 	at scala.Function1.$anonfun$compose$1(Function1.scala:49)
2024.06.19 19:54:35 INFO  [error] 	at sbt.internal.util.$tilde$greater.$anonfun$$u2219$1(TypeFunctions.scala:63)
2024.06.19 19:54:35 INFO  [error] 	at sbt.std.Transform$$anon$4.work(Transform.scala:69)
2024.06.19 19:54:35 INFO  [error] 	at sbt.Execute.$anonfun$submit$2(Execute.scala:283)
2024.06.19 19:54:35 INFO  [error] 	at sbt.internal.util.ErrorHandling$.wideConvert(ErrorHandling.scala:24)
2024.06.19 19:54:35 INFO  [error] 	at sbt.Execute.work(Execute.scala:292)
2024.06.19 19:54:35 INFO  [error] 	at sbt.Execute.$anonfun$submit$1(Execute.scala:283)
2024.06.19 19:54:35 INFO  [error] 	at sbt.ConcurrentRestrictions$$anon$4.$anonfun$submitValid$1(ConcurrentRestrictions.scala:265)
2024.06.19 19:54:35 INFO  [error] 	at sbt.CompletionService$$anon$2.call(CompletionService.scala:65)
2024.06.19 19:54:35 INFO  [error] 	at java.base/java.util.concurrent.FutureTask.run(FutureTask.java:264)
2024.06.19 19:54:35 INFO  [error] 	at java.base/java.util.concurrent.Executors$RunnableAdapter.call(Executors.java:515)
2024.06.19 19:54:35 INFO  [error] 	at java.base/java.util.concurrent.FutureTask.run(FutureTask.java:264)
2024.06.19 19:54:35 INFO  [error] 	at java.base/java.util.concurrent.ThreadPoolExecutor.runWorker(ThreadPoolExecutor.java:1128)
2024.06.19 19:54:35 INFO  [error] 	at java.base/java.util.concurrent.ThreadPoolExecutor$Worker.run(ThreadPoolExecutor.java:628)
2024.06.19 19:54:35 INFO  [error] 	at java.base/java.lang.Thread.run(Thread.java:829)
2024.06.19 19:54:35 INFO  [error] (update) sbt.librarymanagement.ResolveException: Error downloading org.apache.spark:spark-sql-kafka-0-10_2.13:3.1.1
2024.06.19 19:54:35 INFO  [error]   Not found
2024.06.19 19:54:35 INFO  [error]   Not found
2024.06.19 19:54:35 INFO  [error]   not found: /Users/smukka/.ivy2/localorg.apache.spark/spark-sql-kafka-0-10_2.13/3.1.1/ivys/ivy.xml
2024.06.19 19:54:35 INFO  [error]   not found: https://repo1.maven.org/maven2/org/apache/spark/spark-sql-kafka-0-10_2.13/3.1.1/spark-sql-kafka-0-10_2.13-3.1.1.pom
2024.06.19 19:54:35 INFO  [error]   not found: /Users/smukka/.m2/repository/org/apache/spark/spark-sql-kafka-0-10_2.13/3.1.1/spark-sql-kafka-0-10_2.13-3.1.1.pom
2024.06.19 19:54:35 INFO  [error]   not found: https://jcenter.bintray.com/org/apache/spark/spark-sql-kafka-0-10_2.13/3.1.1/spark-sql-kafka-0-10_2.13-3.1.1.pom
2024.06.19 19:54:35 INFO  [error]   download error: Caught java.net.ConnectException (Connection refused (Connection refused)) while downloading https://repo.spray.io/org/apache/spark/spark-sql-kafka-0-10_2.13/3.1.1/spark-sql-kafka-0-10_2.13-3.1.1.pom
2024.06.19 19:54:35 INFO  [error]   not found: https://dl.bintray.com/hseeberger/maven/org/apache/spark/spark-sql-kafka-0-10_2.13/3.1.1/spark-sql-kafka-0-10_2.13-3.1.1.pom
2024.06.19 19:54:35 INFO  [error]   not found: https://repository.apache.org/snapshots/org/apache/spark/spark-sql-kafka-0-10_2.13/3.1.1/spark-sql-kafka-0-10_2.13-3.1.1.pom
2024.06.19 19:54:35 INFO  [error] Error downloading org.apache.spark:spark-core_2.13:3.1.1
2024.06.19 19:54:35 INFO  [error]   Not found
2024.06.19 19:54:35 INFO  [error]   Not found
2024.06.19 19:54:35 INFO  [error]   not found: /Users/smukka/.ivy2/localorg.apache.spark/spark-core_2.13/3.1.1/ivys/ivy.xml
2024.06.19 19:54:35 INFO  [error]   not found: https://repo1.maven.org/maven2/org/apache/spark/spark-core_2.13/3.1.1/spark-core_2.13-3.1.1.pom
2024.06.19 19:54:35 INFO  [error]   not found: /Users/smukka/.m2/repository/org/apache/spark/spark-core_2.13/3.1.1/spark-core_2.13-3.1.1.pom
2024.06.19 19:54:35 INFO  [error]   not found: https://jcenter.bintray.com/org/apache/spark/spark-core_2.13/3.1.1/spark-core_2.13-3.1.1.pom
2024.06.19 19:54:35 INFO  [error]   download error: Caught java.net.ConnectException (Connection refused (Connection refused)) while downloading https://repo.spray.io/org/apache/spark/spark-core_2.13/3.1.1/spark-core_2.13-3.1.1.pom
2024.06.19 19:54:35 INFO  [error]   not found: https://dl.bintray.com/hseeberger/maven/org/apache/spark/spark-core_2.13/3.1.1/spark-core_2.13-3.1.1.pom
2024.06.19 19:54:35 INFO  [error]   not found: https://repository.apache.org/snapshots/org/apache/spark/spark-core_2.13/3.1.1/spark-core_2.13-3.1.1.pom
2024.06.19 19:54:35 INFO  [error] Error downloading org.apache.spark:spark-sql_2.13:3.1.1
2024.06.19 19:54:35 INFO  [error]   Not found
2024.06.19 19:54:35 INFO  [error]   Not found
2024.06.19 19:54:35 INFO  [error]   not found: /Users/smukka/.ivy2/localorg.apache.spark/spark-sql_2.13/3.1.1/ivys/ivy.xml
2024.06.19 19:54:35 INFO  [error]   not found: https://repo1.maven.org/maven2/org/apache/spark/spark-sql_2.13/3.1.1/spark-sql_2.13-3.1.1.pom
2024.06.19 19:54:35 INFO  [error]   not found: /Users/smukka/.m2/repository/org/apache/spark/spark-sql_2.13/3.1.1/spark-sql_2.13-3.1.1.pom
2024.06.19 19:54:35 INFO  [error]   not found: https://jcenter.bintray.com/org/apache/spark/spark-sql_2.13/3.1.1/spark-sql_2.13-3.1.1.pom
2024.06.19 19:54:35 INFO  [error]   download error: Caught java.net.ConnectException (Connection refused (Connection refused)) while downloading https://repo.spray.io/org/apache/spark/spark-sql_2.13/3.1.1/spark-sql_2.13-3.1.1.pom
2024.06.19 19:54:35 INFO  [error]   not found: https://dl.bintray.com/hseeberger/maven/org/apache/spark/spark-sql_2.13/3.1.1/spark-sql_2.13-3.1.1.pom
2024.06.19 19:54:35 INFO  [error]   not found: https://repository.apache.org/snapshots/org/apache/spark/spark-sql_2.13/3.1.1/spark-sql_2.13-3.1.1.pom
2024.06.19 19:54:35 INFO  [error] Error downloading org.apache.spark:spark-streaming-kafka-0-10_2.13:3.1.1
2024.06.19 19:54:35 INFO  [error]   Not found
2024.06.19 19:54:35 INFO  [error]   Not found
2024.06.19 19:54:35 INFO  [error]   not found: /Users/smukka/.ivy2/localorg.apache.spark/spark-streaming-kafka-0-10_2.13/3.1.1/ivys/ivy.xml
2024.06.19 19:54:35 INFO  [error]   not found: https://repo1.maven.org/maven2/org/apache/spark/spark-streaming-kafka-0-10_2.13/3.1.1/spark-streaming-kafka-0-10_2.13-3.1.1.pom
2024.06.19 19:54:35 INFO  [error]   not found: /Users/smukka/.m2/repository/org/apache/spark/spark-streaming-kafka-0-10_2.13/3.1.1/spark-streaming-kafka-0-10_2.13-3.1.1.pom
2024.06.19 19:54:35 INFO  [error]   not found: https://jcenter.bintray.com/org/apache/spark/spark-streaming-kafka-0-10_2.13/3.1.1/spark-streaming-kafka-0-10_2.13-3.1.1.pom
2024.06.19 19:54:35 INFO  [error]   download error: Caught java.net.ConnectException (Connection refused (Connection refused)) while downloading https://repo.spray.io/org/apache/spark/spark-streaming-kafka-0-10_2.13/3.1.1/spark-streaming-kafka-0-10_2.13-3.1.1.pom
2024.06.19 19:54:35 INFO  [error]   not found: https://dl.bintray.com/hseeberger/maven/org/apache/spark/spark-streaming-kafka-0-10_2.13/3.1.1/spark-streaming-kafka-0-10_2.13-3.1.1.pom
2024.06.19 19:54:35 INFO  [error]   not found: https://repository.apache.org/snapshots/org/apache/spark/spark-streaming-kafka-0-10_2.13/3.1.1/spark-streaming-kafka-0-10_2.13-3.1.1.pom
2024.06.19 19:54:35 INFO  [error] Error downloading org.apache.spark:spark-streaming_2.13:3.1.1
2024.06.19 19:54:35 INFO  [error]   Not found
2024.06.19 19:54:35 INFO  [error]   Not found
2024.06.19 19:54:35 INFO  [error]   not found: /Users/smukka/.ivy2/localorg.apache.spark/spark-streaming_2.13/3.1.1/ivys/ivy.xml
2024.06.19 19:54:35 INFO  [error]   not found: https://repo1.maven.org/maven2/org/apache/spark/spark-streaming_2.13/3.1.1/spark-streaming_2.13-3.1.1.pom
2024.06.19 19:54:35 INFO  [error]   not found: /Users/smukka/.m2/repository/org/apache/spark/spark-streaming_2.13/3.1.1/spark-streaming_2.13-3.1.1.pom
2024.06.19 19:54:35 INFO  [error]   not found: https://jcenter.bintray.com/org/apache/spark/spark-streaming_2.13/3.1.1/spark-streaming_2.13-3.1.1.pom
2024.06.19 19:54:35 INFO  [error]   download error: Caught java.net.ConnectException (Connection refused (Connection refused)) while downloading https://repo.spray.io/org/apache/spark/spark-streaming_2.13/3.1.1/spark-streaming_2.13-3.1.1.pom
2024.06.19 19:54:35 INFO  [error]   not found: https://dl.bintray.com/hseeberger/maven/org/apache/spark/spark-streaming_2.13/3.1.1/spark-streaming_2.13-3.1.1.pom
2024.06.19 19:54:35 INFO  [error]   not found: https://repository.apache.org/snapshots/org/apache/spark/spark-streaming_2.13/3.1.1/spark-streaming_2.13-3.1.1.pom
2024.06.19 19:54:35 INFO  [error] Total time: 7 s, completed 19-Jun-2024, 7:54:35 PM
2024.06.19 19:54:35 INFO  time: ran 'sbt bloopInstall' in 18s
2024.06.19 19:54:35 ERROR sbt command failed: /opt/homebrew/bin/sbt -Dbloop.export-jar-classifiers=sources bloopInstall
2024.06.19 19:54:46 INFO  no build target found for /private/var/folders/75/7280jgqx50vclm6n4_hc9lz40000gp/T/spark-streaming/build.sbt. Using presentation compiler with project's scala-library version: 3.3.3
2024.06.19 19:54:47 INFO  no build target found for /private/var/folders/75/7280jgqx50vclm6n4_hc9lz40000gp/T/spark-streaming/build.sbt. Using presentation compiler with project's scala-library version: 3.3.3
2024.06.19 19:54:48 INFO  no build target found for /private/var/folders/75/7280jgqx50vclm6n4_hc9lz40000gp/T/spark-streaming/build.sbt. Using presentation compiler with project's scala-library version: 3.3.3
2024.06.19 19:54:56 INFO  no build target found for /private/var/folders/75/7280jgqx50vclm6n4_hc9lz40000gp/T/spark-streaming/build.sbt. Using presentation compiler with project's scala-library version: 3.3.3
2024.06.19 19:54:56 INFO  no build target found for /private/var/folders/75/7280jgqx50vclm6n4_hc9lz40000gp/T/spark-streaming/build.sbt. Using presentation compiler with project's scala-library version: 3.3.3
2024.06.19 19:54:56 INFO  no build target found for /private/var/folders/75/7280jgqx50vclm6n4_hc9lz40000gp/T/spark-streaming/build.sbt. Using presentation compiler with project's scala-library version: 3.3.3
2024.06.19 19:54:57 INFO  no build target found for /private/var/folders/75/7280jgqx50vclm6n4_hc9lz40000gp/T/spark-streaming/build.sbt. Using presentation compiler with project's scala-library version: 3.3.3
2024.06.19 19:54:57 INFO  no build target found for /private/var/folders/75/7280jgqx50vclm6n4_hc9lz40000gp/T/spark-streaming/build.sbt. Using presentation compiler with project's scala-library version: 3.3.3
2024.06.19 19:54:58 INFO  no build target found for /private/var/folders/75/7280jgqx50vclm6n4_hc9lz40000gp/T/spark-streaming/build.sbt. Using presentation compiler with project's scala-library version: 3.3.3
2024.06.19 19:54:58 INFO  no build target found for /private/var/folders/75/7280jgqx50vclm6n4_hc9lz40000gp/T/spark-streaming/build.sbt. Using presentation compiler with project's scala-library version: 3.3.3
2024.06.19 19:54:58 INFO  no build target found for /private/var/folders/75/7280jgqx50vclm6n4_hc9lz40000gp/T/spark-streaming/build.sbt. Using presentation compiler with project's scala-library version: 3.3.3
2024.06.19 19:54:58 INFO  no build target found for /private/var/folders/75/7280jgqx50vclm6n4_hc9lz40000gp/T/spark-streaming/build.sbt. Using presentation compiler with project's scala-library version: 3.3.3
2024.06.19 19:54:59 INFO  no build target found for /private/var/folders/75/7280jgqx50vclm6n4_hc9lz40000gp/T/spark-streaming/build.sbt. Using presentation compiler with project's scala-library version: 3.3.3
2024.06.19 19:54:59 INFO  no build target found for /private/var/folders/75/7280jgqx50vclm6n4_hc9lz40000gp/T/spark-streaming/build.sbt. Using presentation compiler with project's scala-library version: 3.3.3
2024.06.19 19:54:59 INFO  no build target found for /private/var/folders/75/7280jgqx50vclm6n4_hc9lz40000gp/T/spark-streaming/build.sbt. Using presentation compiler with project's scala-library version: 3.3.3
2024.06.19 19:55:00 INFO  no build target found for /private/var/folders/75/7280jgqx50vclm6n4_hc9lz40000gp/T/spark-streaming/build.sbt. Using presentation compiler with project's scala-library version: 3.3.3
2024.06.19 19:55:00 WARN  no build target for: /private/var/folders/75/7280jgqx50vclm6n4_hc9lz40000gp/T/spark-streaming/build.sbt
2024.06.19 19:55:00 INFO  no build target found for /private/var/folders/75/7280jgqx50vclm6n4_hc9lz40000gp/T/spark-streaming/build.sbt. Using presentation compiler with project's scala-library version: 3.3.3
2024.06.19 19:55:00 INFO  no build target found for /private/var/folders/75/7280jgqx50vclm6n4_hc9lz40000gp/T/spark-streaming/build.sbt. Using presentation compiler with project's scala-library version: 3.3.3
2024.06.19 19:55:00 INFO  no build target found for /private/var/folders/75/7280jgqx50vclm6n4_hc9lz40000gp/T/spark-streaming/build.sbt. Using presentation compiler with project's scala-library version: 3.3.3
2024.06.19 19:55:03 INFO  running '/opt/homebrew/bin/sbt -Dbloop.export-jar-classifiers=sources bloopInstall'
2024.06.19 19:55:09 INFO  [info] welcome to sbt 1.10.0 (Homebrew Java 11.0.23)
2024.06.19 19:55:09 INFO  [info] loading settings for project spark-streaming-build-build-build from metals.sbt ...
2024.06.19 19:55:09 INFO  [info] loading project definition from /private/var/folders/75/7280jgqx50vclm6n4_hc9lz40000gp/T/spark-streaming/project/project/project
2024.06.19 19:55:11 INFO  [info] loading settings for project spark-streaming-build-build from metals.sbt ...
2024.06.19 19:55:11 INFO  [info] loading project definition from /private/var/folders/75/7280jgqx50vclm6n4_hc9lz40000gp/T/spark-streaming/project/project
2024.06.19 19:55:12 INFO  [success] Generated .bloop/spark-streaming-build-build.json
2024.06.19 19:55:12 INFO  [success] Total time: 1 s, completed 19-Jun-2024, 7:55:12 PM
2024.06.19 19:55:12 INFO  [info] loading settings for project spark-streaming-build from metals.sbt,plugins.sbt ...
2024.06.19 19:55:12 INFO  [info] loading project definition from /private/var/folders/75/7280jgqx50vclm6n4_hc9lz40000gp/T/spark-streaming/project
2024.06.19 19:55:12 INFO  [success] Generated .bloop/spark-streaming-build.json
2024.06.19 19:55:12 INFO  [success] Total time: 0 s, completed 19-Jun-2024, 7:55:12 PM
2024.06.19 19:55:14 INFO  [info] loading settings for project spark-streaming from build.sbt ...
2024.06.19 19:55:14 INFO  [info] set current project to spark-streaming (in build file:/private/var/folders/75/7280jgqx50vclm6n4_hc9lz40000gp/T/spark-streaming/)
2024.06.19 19:55:18 INFO  [success] Generated .bloop/spark-streaming-test.json
2024.06.19 19:55:18 INFO  [success] Generated .bloop/spark-streaming.json
2024.06.19 19:55:18 INFO  [success] Total time: 4 s, completed 19-Jun-2024, 7:55:18 PM
2024.06.19 19:55:18 INFO  time: ran 'sbt bloopInstall' in 14s
2024.06.19 19:55:18 INFO  Attempting to connect to the build server...
2024.06.19 19:55:18 INFO  tracing is disabled for protocol BSP, to enable tracing of incoming and outgoing JSON messages create an empty file at /private/var/folders/75/7280jgqx50vclm6n4_hc9lz40000gp/T/spark-streaming/.metals/bsp.trace.json or /Users/smukka/Library/Caches/org.scalameta.metals/bsp.trace.json
2024.06.19 19:55:18 INFO  Attempting to connect to the build server...
2024.06.19 19:55:18 INFO  Attempting to connect to the build server...
2024.06.19 19:55:18 INFO  tracing is disabled for protocol BSP, to enable tracing of incoming and outgoing JSON messages create an empty file at /private/var/folders/75/7280jgqx50vclm6n4_hc9lz40000gp/T/spark-streaming/project/project/.metals/bsp.trace.json or /Users/smukka/Library/Caches/org.scalameta.metals/bsp.trace.json
2024.06.19 19:55:18 INFO  tracing is disabled for protocol BSP, to enable tracing of incoming and outgoing JSON messages create an empty file at /private/var/folders/75/7280jgqx50vclm6n4_hc9lz40000gp/T/spark-streaming/project/.metals/bsp.trace.json or /Users/smukka/Library/Caches/org.scalameta.metals/bsp.trace.json
2024.06.19 19:55:18 INFO  time: Connected to build server in 0.22s
2024.06.19 19:55:18 INFO  Connected to Build server: Bloop v1.5.18
2024.06.19 19:55:34 INFO  time: indexed workspace in 15s
2024.06.19 20:01:56 INFO  compiling spark-streaming (2 scala sources)
2024.06.19 20:01:56 INFO  time: compiled spark-streaming in 0.28s
2024.06.19 20:02:36 INFO  compiling spark-streaming (2 scala sources and 1 java source)
2024.06.19 20:02:37 WARN  Unexpected javac output: WARNING: An illegal reflective access operation has occurred
WARNING: Illegal reflective access by com.sourcegraph.shaded.com.sourcegraph.semanticdb_javac.SemanticdbJavacOptions (file:/Users/smukka/Library/Caches/bloop/semanticdb/com.sourcegraph.semanticdb-javac.0.9.10/semanticdb-javac-0.9.10.jar) to method com.sun.tools.javac.api.BasicJavacTask.getContext()
WARNING: Please consider reporting this to the maintainers of com.sourcegraph.shaded.com.sourcegraph.semanticdb_javac.SemanticdbJavacOptions
WARNING: Use --illegal-access=warn to enable warnings of further illegal reflective access operations
WARNING: All illegal access operations will be denied in a future release.
2024.06.19 20:02:37 INFO  time: compiled spark-streaming in 1.77s
2024.06.19 20:06:44 INFO  compiling spark-streaming (1 scala source)
2024.06.19 20:06:44 INFO  time: compiled spark-streaming in 0.62s
2024.06.19 20:07:39 INFO  compiling spark-streaming (1 scala source)
2024.06.19 20:07:39 INFO  time: compiled spark-streaming in 0.58s
Jun 19, 2024 8:18:35 PM org.eclipse.lsp4j.jsonrpc.RemoteEndpoint handleCancellation
WARNING: Unmatched cancel notification for request id 425
2024.06.19 20:19:21 INFO  compiling spark-streaming (1 scala source)
2024.06.19 20:19:21 INFO  time: compiled spark-streaming in 0.69s
2024.06.19 20:24:43 INFO  compiling spark-streaming (1 scala source)
2024.06.19 20:24:43 INFO  time: compiled spark-streaming in 0.2s
2024.06.19 20:24:56 INFO  compiling spark-streaming (1 scala source)
2024.06.19 20:24:56 INFO  time: compiled spark-streaming in 0.5s
2024.06.19 20:25:19 INFO  compiling spark-streaming (1 scala source)
2024.06.19 20:25:20 INFO  time: compiled spark-streaming in 1.35s
2024.06.19 20:27:54 INFO  compiling spark-streaming (1 scala source)
2024.06.19 20:27:54 INFO  time: compiled spark-streaming in 0.61s
2024.06.19 20:33:25 INFO  compiling spark-streaming (1 scala source)
2024.06.19 20:33:25 INFO  time: compiled spark-streaming in 0.6s
2024.06.19 20:34:03 INFO  compiling spark-streaming (1 scala source)
2024.06.19 20:34:03 INFO  time: compiled spark-streaming in 0.52s
2024.06.19 20:37:56 INFO  compiling spark-streaming (1 scala source)
2024.06.19 20:37:56 INFO  time: compiled spark-streaming in 0.65s
2024.06.19 20:39:35 INFO  compiling spark-streaming (1 scala source)
2024.06.19 20:39:35 INFO  time: compiled spark-streaming in 0.6s
2024.06.19 20:39:55 INFO  compiling spark-streaming (1 scala source)
2024.06.19 20:39:55 INFO  time: compiled spark-streaming in 0.48s
2024.06.19 20:44:04 INFO  compiling spark-streaming (1 scala source)
2024.06.19 20:44:04 INFO  time: compiled spark-streaming in 0.57s
2024.06.19 20:49:25 INFO  compiling spark-streaming (1 scala source)
2024.06.19 20:49:25 INFO  time: compiled spark-streaming in 0.69s
2024.06.19 20:51:03 INFO  compiling spark-streaming (1 scala source)
2024.06.19 20:51:03 INFO  time: compiled spark-streaming in 0.66s
2024.06.19 20:52:52 INFO  compiling spark-streaming (1 scala source)
2024.06.19 20:52:52 INFO  time: compiled spark-streaming in 0.67s
2024.06.19 20:54:15 INFO  compiling spark-streaming (1 scala source)
2024.06.19 20:54:17 INFO  time: compiled spark-streaming in 1.6s
2024.06.19 20:56:24 INFO  compiling spark-streaming (1 scala source)
2024.06.19 20:56:24 INFO  time: compiled spark-streaming in 0.58s
2024.06.19 21:00:30 INFO  compiling spark-streaming (1 scala source)
2024.06.19 21:00:30 INFO  time: compiled spark-streaming in 0.23s
2024.06.19 21:00:41 INFO  compiling spark-streaming (1 scala source)
2024.06.19 21:00:41 INFO  time: compiled spark-streaming in 0.13s
Jun 19, 2024 9:00:57 PM scala.meta.internal.pc.CompilerAccess retryWithCleanCompiler
INFO: compiler crashed due to an error in the Scala compiler, retrying with new compiler instance.
Jun 19, 2024 9:00:57 PM scala.meta.internal.pc.CompilerAccess handleError
SEVERE: A severe compiler error occurred, full details of the error can be found in the error report /private/var/folders/75/7280jgqx50vclm6n4_hc9lz40000gp/T/spark-streaming/.metals/.reports/metals-full/2024-06-19/r_compiler-error_(spark-streaming)_21-00-57-734.md
2024.06.19 21:00:58 INFO  compiling spark-streaming (1 scala source)
2024.06.19 21:00:58 INFO  time: compiled spark-streaming in 0.56s
2024.06.19 21:44:55 INFO  compiling spark-streaming (1 java source)
2024.06.19 21:44:55 WARN  Unexpected javac output: WARNING: An illegal reflective access operation has occurred
WARNING: Illegal reflective access by com.sourcegraph.shaded.com.sourcegraph.semanticdb_javac.SemanticdbJavacOptions (file:/Users/smukka/Library/Caches/bloop/semanticdb/com.sourcegraph.semanticdb-javac.0.9.10/semanticdb-javac-0.9.10.jar) to method com.sun.tools.javac.api.BasicJavacTask.getContext()
WARNING: Please consider reporting this to the maintainers of com.sourcegraph.shaded.com.sourcegraph.semanticdb_javac.SemanticdbJavacOptions
WARNING: Use --illegal-access=warn to enable warnings of further illegal reflective access operations
WARNING: All illegal access operations will be denied in a future release.
2024.06.19 21:44:55 INFO  time: compiled spark-streaming in 0.98s
2024.06.19 21:45:16 INFO  compiling spark-streaming (1 scala source)
2024.06.19 21:45:16 INFO  time: compiled spark-streaming in 0.62s
2024.06.19 21:51:10 INFO  compiling spark-streaming (1 scala source)
2024.06.19 21:51:10 INFO  time: compiled spark-streaming in 0.24s
2024.06.19 21:51:22 INFO  compiling spark-streaming (1 scala source)
2024.06.19 21:51:22 INFO  time: compiled spark-streaming in 0.55s
2024.06.19 21:53:45 INFO  compiling spark-streaming (1 scala source)
2024.06.19 21:53:45 INFO  time: compiled spark-streaming in 0.66s
2024.06.19 21:54:11 INFO  compiling spark-streaming (1 scala source)
2024.06.19 21:54:11 INFO  time: compiled spark-streaming in 0.53s
2024.06.19 22:02:22 INFO  compiling spark-streaming (1 scala source)
2024.06.19 22:02:22 INFO  time: compiled spark-streaming in 0.26s
2024.06.19 22:04:49 INFO  compiling spark-streaming (1 scala source)
2024.06.19 22:04:49 INFO  time: compiled spark-streaming in 0.21s
2024.06.19 22:05:42 INFO  compiling spark-streaming (1 scala source)
2024.06.19 22:05:42 INFO  time: compiled spark-streaming in 0.19s
2024.06.19 22:06:05 INFO  compiling spark-streaming (1 scala source)
2024.06.19 22:06:05 INFO  time: compiled spark-streaming in 0.2s
2024.06.19 22:06:24 INFO  compiling spark-streaming (1 scala source)
2024.06.19 22:06:24 INFO  time: compiled spark-streaming in 0.95s
2024.06.19 22:06:51 INFO  compiling spark-streaming (1 scala source)
2024.06.19 22:06:51 INFO  time: compiled spark-streaming in 0.18s
2024.06.19 22:08:11 INFO  compiling spark-streaming (1 scala source)
2024.06.19 22:08:11 INFO  time: compiled spark-streaming in 0.19s
2024.06.19 22:08:23 INFO  compiling spark-streaming (1 scala source)
2024.06.19 22:08:23 INFO  time: compiled spark-streaming in 0.56s
2024.06.19 22:54:01 INFO  compiling spark-streaming (1 scala source)
2024.06.19 22:54:01 INFO  time: compiled spark-streaming in 0.24s
2024.06.19 22:54:27 INFO  compiling spark-streaming (1 scala source)
2024.06.19 22:54:27 INFO  time: compiled spark-streaming in 0.54s
2024.06.19 22:55:11 INFO  compiling spark-streaming (1 scala source)
2024.06.19 22:55:11 INFO  time: compiled spark-streaming in 0.45s
2024.06.19 22:55:30 INFO  compiling spark-streaming (1 scala source)
2024.06.19 22:55:30 INFO  time: compiled spark-streaming in 0.4s
2024.06.19 22:55:35 INFO  compiling spark-streaming (1 scala source)
2024.06.19 22:55:35 INFO  time: compiled spark-streaming in 0.51s
2024.06.19 22:56:07 INFO  compiling spark-streaming (1 scala source)
2024.06.19 22:56:07 INFO  time: compiled spark-streaming in 0.51s
2024.06.19 22:56:18 INFO  compiling spark-streaming (1 scala source)
2024.06.19 22:56:18 INFO  time: compiled spark-streaming in 0.45s
2024.06.19 23:12:53 INFO  compiling spark-streaming (1 scala source)
2024.06.19 23:12:53 INFO  time: compiled spark-streaming in 0.57s
2024.06.19 23:14:54 INFO  compiling spark-streaming (1 scala source)
2024.06.19 23:14:54 INFO  time: compiled spark-streaming in 0.65s
2024.06.19 23:15:50 INFO  compiling spark-streaming (1 scala source)
2024.06.19 23:15:50 INFO  time: compiled spark-streaming in 0.27s
Jun 19, 2024 11:16:15 PM org.eclipse.lsp4j.jsonrpc.RemoteEndpoint handleCancellation
WARNING: Unmatched cancel notification for request id 3088
2024.06.19 23:16:58 INFO  compiling spark-streaming (1 scala source)
2024.06.19 23:16:58 INFO  time: compiled spark-streaming in 0.17s
Jun 19, 2024 11:17:02 PM org.eclipse.lsp4j.jsonrpc.RemoteEndpoint handleCancellation
WARNING: Unmatched cancel notification for request id 3222
2024.06.19 23:17:11 INFO  compiling spark-streaming (1 scala source)
2024.06.19 23:17:11 INFO  time: compiled spark-streaming in 0.16s
2024.06.19 23:17:42 INFO  compiling spark-streaming (1 scala source)
2024.06.19 23:17:42 INFO  time: compiled spark-streaming in 0.21s
2024.06.19 23:18:51 INFO  compiling spark-streaming (1 scala source)
2024.06.19 23:18:51 INFO  time: compiled spark-streaming in 0.21s
2024.06.19 23:20:31 INFO  compiling spark-streaming (1 scala source)
2024.06.19 23:20:31 INFO  time: compiled spark-streaming in 0.14s
Jun 19, 2024 11:20:38 PM org.eclipse.lsp4j.jsonrpc.RemoteEndpoint handleCancellation
WARNING: Unmatched cancel notification for request id 3447
Jun 19, 2024 11:21:40 PM org.eclipse.lsp4j.jsonrpc.RemoteEndpoint handleCancellation
WARNING: Unmatched cancel notification for request id 3523
2024.06.19 23:22:06 INFO  compiling spark-streaming (1 scala source)
2024.06.19 23:22:06 INFO  time: compiled spark-streaming in 0.24s
Jun 19, 2024 11:23:38 PM org.eclipse.lsp4j.jsonrpc.RemoteEndpoint handleCancellation
WARNING: Unmatched cancel notification for request id 3596
Jun 19, 2024 11:24:01 PM org.eclipse.lsp4j.jsonrpc.RemoteEndpoint handleCancellation
WARNING: Unmatched cancel notification for request id 3617
2024.06.19 23:24:04 INFO  compiling spark-streaming (1 scala source)
2024.06.19 23:24:04 INFO  time: compiled spark-streaming in 0.24s
2024.06.19 23:24:14 INFO  compiling spark-streaming (1 scala source)
2024.06.19 23:24:14 INFO  time: compiled spark-streaming in 0.16s
2024.06.19 23:25:03 INFO  compiling spark-streaming (1 scala source)
2024.06.19 23:25:03 INFO  time: compiled spark-streaming in 0.15s
2024.06.19 23:25:11 INFO  compiling spark-streaming (1 scala source)
2024.06.19 23:25:11 INFO  time: compiled spark-streaming in 0.14s
2024.06.19 23:27:42 INFO  running '/opt/homebrew/bin/sbt -Dbloop.export-jar-classifiers=sources bloopInstall'
2024.06.19 23:27:48 INFO  [info] welcome to sbt 1.10.0 (Homebrew Java 11.0.23)
2024.06.19 23:27:48 INFO  [info] loading settings for project spark-streaming-build-build-build from metals.sbt ...
2024.06.19 23:27:48 INFO  [info] loading project definition from /private/var/folders/75/7280jgqx50vclm6n4_hc9lz40000gp/T/spark-streaming/project/project/project
2024.06.19 23:27:49 INFO  [info] loading settings for project spark-streaming-build-build from metals.sbt ...
2024.06.19 23:27:49 INFO  [info] loading project definition from /private/var/folders/75/7280jgqx50vclm6n4_hc9lz40000gp/T/spark-streaming/project/project
2024.06.19 23:27:49 INFO  [success] Generated .bloop/spark-streaming-build-build.json
2024.06.19 23:27:49 INFO  [success] Total time: 1 s, completed 19-Jun-2024, 11:27:50 PM
2024.06.19 23:27:50 INFO  [info] loading settings for project spark-streaming-build from metals.sbt,plugins.sbt ...
2024.06.19 23:27:50 INFO  [info] loading project definition from /private/var/folders/75/7280jgqx50vclm6n4_hc9lz40000gp/T/spark-streaming/project
2024.06.19 23:27:50 INFO  [success] Generated .bloop/spark-streaming-build.json
2024.06.19 23:27:50 INFO  [success] Total time: 0 s, completed 19-Jun-2024, 11:27:50 PM
2024.06.19 23:27:51 INFO  [info] loading settings for project spark-streaming from build.sbt ...
2024.06.19 23:27:51 INFO  [info] set current project to spark-streaming (in build file:/private/var/folders/75/7280jgqx50vclm6n4_hc9lz40000gp/T/spark-streaming/)
2024.06.19 23:27:58 INFO  [success] Generated .bloop/spark-streaming.json
2024.06.19 23:27:58 INFO  [success] Generated .bloop/spark-streaming-test.json
2024.06.19 23:27:58 INFO  [success] Total time: 7 s, completed 19-Jun-2024, 11:27:58 PM
2024.06.19 23:27:58 INFO  time: ran 'sbt bloopInstall' in 16s
2024.06.19 23:27:58 INFO  Disconnecting from Bloop session...
2024.06.19 23:27:58 INFO  Shut down connection with build server.
2024.06.19 23:27:58 INFO  Shut down connection with build server.
2024.06.19 23:27:58 INFO  Shut down connection with build server.
2024.06.19 23:27:58 INFO  Attempting to connect to the build server...
2024.06.19 23:27:58 INFO  tracing is disabled for protocol BSP, to enable tracing of incoming and outgoing JSON messages create an empty file at /private/var/folders/75/7280jgqx50vclm6n4_hc9lz40000gp/T/spark-streaming/.metals/bsp.trace.json or /Users/smukka/Library/Caches/org.scalameta.metals/bsp.trace.json
2024.06.19 23:27:58 INFO  Attempting to connect to the build server...
2024.06.19 23:27:58 INFO  Attempting to connect to the build server...
2024.06.19 23:27:58 INFO  tracing is disabled for protocol BSP, to enable tracing of incoming and outgoing JSON messages create an empty file at /private/var/folders/75/7280jgqx50vclm6n4_hc9lz40000gp/T/spark-streaming/project/project/.metals/bsp.trace.json or /Users/smukka/Library/Caches/org.scalameta.metals/bsp.trace.json
2024.06.19 23:27:58 INFO  tracing is disabled for protocol BSP, to enable tracing of incoming and outgoing JSON messages create an empty file at /private/var/folders/75/7280jgqx50vclm6n4_hc9lz40000gp/T/spark-streaming/project/.metals/bsp.trace.json or /Users/smukka/Library/Caches/org.scalameta.metals/bsp.trace.json
2024.06.19 23:27:58 INFO  time: Connected to build server in 66ms
2024.06.19 23:27:58 INFO  Connected to Build server: Bloop v1.5.18
2024.06.19 23:28:00 INFO  time: indexed workspace in 1.74s
2024.06.19 23:28:00 INFO  compiling spark-streaming (3 scala sources and 1 java source)
2024.06.19 23:28:00 INFO  time: compiled spark-streaming in 0.2s
2024.06.19 23:28:04 INFO  compiling spark-streaming (3 scala sources and 1 java source)
2024.06.19 23:28:04 INFO  time: compiled spark-streaming in 0.15s
Jun 19, 2024 11:28:14 PM org.eclipse.lsp4j.jsonrpc.RemoteEndpoint handleCancellation
WARNING: Unmatched cancel notification for request id 3851
2024.06.19 23:28:20 WARN  Using indexes to guess the definition of parseFrom
2024.06.19 23:28:20 INFO  compiling spark-streaming (3 scala sources and 1 java source)
2024.06.19 23:28:20 INFO  time: compiled spark-streaming in 0.15s
Jun 19, 2024 11:30:53 PM org.eclipse.lsp4j.jsonrpc.RemoteEndpoint handleCancellation
WARNING: Unmatched cancel notification for request id 4129
2024.06.19 23:32:06 INFO  compiling spark-streaming (3 scala sources and 1 java source)
2024.06.19 23:32:06 INFO  time: compiled spark-streaming in 0.55s
2024.06.19 23:32:10 INFO  compiling spark-streaming (3 scala sources and 1 java source)
2024.06.19 23:32:10 INFO  time: compiled spark-streaming in 0.14s
2024.06.19 23:32:32 INFO  compiling spark-streaming (3 scala sources and 1 java source)
2024.06.19 23:32:32 INFO  time: compiled spark-streaming in 0.15s
2024.06.19 23:34:45 INFO  compiling spark-streaming (3 scala sources and 1 java source)
2024.06.19 23:34:45 INFO  time: compiled spark-streaming in 0.26s
2024.06.19 23:35:20 INFO  compiling spark-streaming (3 scala sources and 1 java source)
2024.06.19 23:35:20 INFO  time: compiled spark-streaming in 0.14s
2024.06.19 23:37:14 INFO  compiling spark-streaming (3 scala sources and 1 java source)
2024.06.19 23:37:14 INFO  time: compiled spark-streaming in 0.14s
2024.06.19 23:38:08 INFO  compiling spark-streaming (3 scala sources and 1 java source)
2024.06.19 23:38:08 INFO  time: compiled spark-streaming in 0.15s
2024.06.19 23:38:14 INFO  compiling spark-streaming (3 scala sources and 1 java source)
2024.06.19 23:38:14 INFO  time: compiled spark-streaming in 0.19s
2024.06.19 23:41:46 INFO  compiling spark-streaming (3 scala sources and 1 java source)
2024.06.19 23:41:46 INFO  time: compiled spark-streaming in 0.25s
2024.06.19 23:42:09 INFO  compiling spark-streaming (3 scala sources and 1 java source)
2024.06.19 23:42:09 INFO  time: compiled spark-streaming in 0.14s
2024.06.19 23:42:27 INFO  compiling spark-streaming (3 scala sources and 1 java source)
2024.06.19 23:42:27 INFO  time: compiled spark-streaming in 0.15s
2024.06.19 23:43:31 INFO  compiling spark-streaming (3 scala sources and 1 java source)
2024.06.19 23:43:31 INFO  time: compiled spark-streaming in 0.24s
2024.06.19 23:44:24 INFO  compiling spark-streaming (3 scala sources and 1 java source)
2024.06.19 23:44:26 WARN  Unexpected javac output: WARNING: An illegal reflective access operation has occurred
WARNING: Illegal reflective access by com.sourcegraph.shaded.com.sourcegraph.semanticdb_javac.SemanticdbJavacOptions (file:/Users/smukka/Library/Caches/bloop/semanticdb/com.sourcegraph.semanticdb-javac.0.9.10/semanticdb-javac-0.9.10.jar) to method com.sun.tools.javac.api.BasicJavacTask.getContext()
WARNING: Please consider reporting this to the maintainers of com.sourcegraph.shaded.com.sourcegraph.semanticdb_javac.SemanticdbJavacOptions
WARNING: Use --illegal-access=warn to enable warnings of further illegal reflective access operations
WARNING: All illegal access operations will be denied in a future release.
2024.06.19 23:44:26 INFO  time: compiled spark-streaming in 1.51s
2024.06.19 23:45:32 INFO  compiling spark-streaming (1 scala source)
2024.06.19 23:45:32 INFO  time: compiled spark-streaming in 0.92s
2024.06.19 23:53:10 INFO  compiling spark-streaming (1 scala source)
2024.06.19 23:53:10 INFO  time: compiled spark-streaming in 0.64s
2024.06.19 23:58:04 INFO  compiling spark-streaming (1 scala source)
2024.06.19 23:58:04 INFO  time: compiled spark-streaming in 0.91s
2024.06.19 23:59:19 INFO  compiling spark-streaming (1 scala source)
2024.06.19 23:59:19 INFO  time: compiled spark-streaming in 0.58s
2024.06.20 00:07:32 INFO  compiling spark-streaming (1 scala source)
2024.06.20 00:07:32 INFO  time: compiled spark-streaming in 0.6s
2024.06.20 00:16:54 INFO  compiling spark-streaming (1 scala source)
2024.06.20 00:16:54 INFO  time: compiled spark-streaming in 0.19s
2024.06.20 00:17:02 INFO  compiling spark-streaming (1 scala source)
2024.06.20 00:17:02 INFO  time: compiled spark-streaming in 0.14s
2024.06.20 00:21:54 INFO  compiling spark-streaming (1 scala source)
2024.06.20 00:21:54 INFO  time: compiled spark-streaming in 0.65s
2024.06.20 00:23:05 INFO  compiling spark-streaming (1 scala source)
2024.06.20 00:23:05 INFO  time: compiled spark-streaming in 0.55s
2024.06.20 10:22:03 INFO  compiling spark-streaming (1 scala source)
2024.06.20 10:22:03 INFO  time: compiled spark-streaming in 0.47s
Jun 20, 2024 10:23:43 AM org.eclipse.lsp4j.jsonrpc.RemoteEndpoint handleCancellation
WARNING: Unmatched cancel notification for request id 5490
2024.06.20 10:23:58 INFO  compiling spark-streaming (1 scala source)
2024.06.20 10:23:58 INFO  time: compiled spark-streaming in 0.52s
2024.06.20 10:24:53 INFO  compiling spark-streaming (1 scala source)
2024.06.20 10:24:53 INFO  time: compiled spark-streaming in 0.58s
2024.06.20 10:27:41 INFO  compiling spark-streaming (1 scala source)
2024.06.20 10:27:43 INFO  time: compiled spark-streaming in 1.42s
2024.06.20 10:28:03 INFO  compiling spark-streaming (1 scala source)
2024.06.20 10:28:03 INFO  time: compiled spark-streaming in 0.13s
2024.06.20 10:28:36 INFO  compiling spark-streaming (1 scala source)
2024.06.20 10:28:36 INFO  time: compiled spark-streaming in 0.46s
2024.06.20 10:31:58 INFO  compiling spark-streaming (1 scala source)
2024.06.20 10:31:58 INFO  time: compiled spark-streaming in 0.57s
2024.06.20 10:32:37 INFO  compiling spark-streaming (1 scala source)
2024.06.20 10:32:37 INFO  time: compiled spark-streaming in 0.42s
Jun 20, 2024 10:33:44 AM org.eclipse.lsp4j.jsonrpc.RemoteEndpoint handleCancellation
WARNING: Unmatched cancel notification for request id 5799
Jun 20, 2024 10:36:11 AM org.eclipse.lsp4j.jsonrpc.RemoteEndpoint handleCancellation
WARNING: Unmatched cancel notification for request id 5850
Jun 20, 2024 10:37:03 AM org.eclipse.lsp4j.jsonrpc.RemoteEndpoint handleCancellation
WARNING: Unmatched cancel notification for request id 5878
Jun 20, 2024 10:41:28 AM org.eclipse.lsp4j.jsonrpc.RemoteEndpoint handleCancellation
WARNING: Unmatched cancel notification for request id 5903
Jun 20, 2024 10:43:11 AM org.eclipse.lsp4j.jsonrpc.RemoteEndpoint handleCancellation
WARNING: Unmatched cancel notification for request id 5929
